[0.308s] Invoking command in '/home/jiehuang/xiaoxbot/ros2/xiaox_ws/src/xiaoxbot_description': PYTHONPATH=/home/jiehuang/xiaoxbot/ros2/xiaox_ws/build/xiaoxbot_description/prefix_override:/usr/lib/python3/dist-packages/colcon_core/task/python/colcon_distutils_commands:/home/jiehuang/xiaoxbot/ros2/xiaox_ws/install/xiaoxbot_description/lib/python3.10/site-packages:${PYTHONPATH} /usr/bin/python3 -W ignore:setup.py install is deprecated -W ignore:easy_install command is deprecated setup.py egg_info --egg-base ../../build/xiaoxbot_description build --build-base /home/jiehuang/xiaoxbot/ros2/xiaox_ws/build/xiaoxbot_description/build install --record /home/jiehuang/xiaoxbot/ros2/xiaox_ws/build/xiaoxbot_description/install.log --single-version-externally-managed install_data
[0.413s] running egg_info
[0.413s] writing ../../build/xiaoxbot_description/xiaoxbot_description.egg-info/PKG-INFO
[0.413s] writing dependency_links to ../../build/xiaoxbot_description/xiaoxbot_description.egg-info/dependency_links.txt
[0.413s] writing entry points to ../../build/xiaoxbot_description/xiaoxbot_description.egg-info/entry_points.txt
[0.414s] writing requirements to ../../build/xiaoxbot_description/xiaoxbot_description.egg-info/requires.txt
[0.414s] writing top-level names to ../../build/xiaoxbot_description/xiaoxbot_description.egg-info/top_level.txt
[0.414s] reading manifest file '../../build/xiaoxbot_description/xiaoxbot_description.egg-info/SOURCES.txt'
[0.415s] writing manifest file '../../build/xiaoxbot_description/xiaoxbot_description.egg-info/SOURCES.txt'
[0.415s] running build
[0.415s] running build_py
[0.415s] running install
[0.415s] running install_lib
[0.415s] running install_data
[0.415s] running install_egg_info
[0.416s] removing '/home/jiehuang/xiaoxbot/ros2/xiaox_ws/install/xiaoxbot_description/lib/python3.10/site-packages/xiaoxbot_description-0.0.0-py3.10.egg-info' (and everything under it)
[0.416s] Copying ../../build/xiaoxbot_description/xiaoxbot_description.egg-info to /home/jiehuang/xiaoxbot/ros2/xiaox_ws/install/xiaoxbot_description/lib/python3.10/site-packages/xiaoxbot_description-0.0.0-py3.10.egg-info
[0.417s] running install_scripts
[0.426s] writing list of installed files to '/home/jiehuang/xiaoxbot/ros2/xiaox_ws/build/xiaoxbot_description/install.log'
[0.435s] Invoked command in '/home/jiehuang/xiaoxbot/ros2/xiaox_ws/src/xiaoxbot_description' returned '0': PYTHONPATH=/home/jiehuang/xiaoxbot/ros2/xiaox_ws/build/xiaoxbot_description/prefix_override:/usr/lib/python3/dist-packages/colcon_core/task/python/colcon_distutils_commands:/home/jiehuang/xiaoxbot/ros2/xiaox_ws/install/xiaoxbot_description/lib/python3.10/site-packages:${PYTHONPATH} /usr/bin/python3 -W ignore:setup.py install is deprecated -W ignore:easy_install command is deprecated setup.py egg_info --egg-base ../../build/xiaoxbot_description build --build-base /home/jiehuang/xiaoxbot/ros2/xiaox_ws/build/xiaoxbot_description/build install --record /home/jiehuang/xiaoxbot/ros2/xiaox_ws/build/xiaoxbot_description/install.log --single-version-externally-managed install_data
