[0.008s] Invoking command in '/home/jiehuang/xiaoxbot/ros2/xiaox_ws/build/xiaox_controllers': CMAKE_PREFIX_PATH=${CMAKE_PREFIX_PATH}:/home/jiehuang/xiaoxbot/ros2/xiaox_ws/install/xiaoxbot_description:/home/jiehuang/xiaoxbot/ros2/xiaox_ws/install/xiaox_driver:/opt/ros/humble /opt/st/stm32cubeclt_1.17.0/CMake/bin/cmake --build /home/jiehuang/xiaoxbot/ros2/xiaox_ws/build/xiaox_controllers -- -j20 -l20
[0.126s] Invoked command in '/home/jiehuang/xiaoxbot/ros2/xiaox_ws/build/xiaox_controllers' returned '0': CMAKE_PREFIX_PATH=${CMAKE_PREFIX_PATH}:/home/jiehuang/xiaoxbot/ros2/xiaox_ws/install/xiaoxbot_description:/home/jiehuang/xiaoxbot/ros2/xiaox_ws/install/xiaox_driver:/opt/ros/humble /opt/st/stm32cubeclt_1.17.0/CMake/bin/cmake --build /home/jiehuang/xiaoxbot/ros2/xiaox_ws/build/xiaox_controllers -- -j20 -l20
[0.128s] Invoking command in '/home/jiehuang/xiaoxbot/ros2/xiaox_ws/build/xiaox_controllers': CMAKE_PREFIX_PATH=${CMAKE_PREFIX_PATH}:/home/jiehuang/xiaoxbot/ros2/xiaox_ws/install/xiaoxbot_description:/home/jiehuang/xiaoxbot/ros2/xiaox_ws/install/xiaox_driver:/opt/ros/humble /opt/st/stm32cubeclt_1.17.0/CMake/bin/cmake --install /home/jiehuang/xiaoxbot/ros2/xiaox_ws/build/xiaox_controllers
[0.129s] -- Install configuration: ""
[0.129s] -- Up-to-date: /home/jiehuang/xiaoxbot/ros2/xiaox_ws/install/xiaox_controllers/share/xiaox_controllers/config
[0.129s] -- Up-to-date: /home/jiehuang/xiaoxbot/ros2/xiaox_ws/install/xiaox_controllers/share/xiaox_controllers/config/xiaox_controllers.yaml
[0.129s] -- Up-to-date: /home/jiehuang/xiaoxbot/ros2/xiaox_ws/install/xiaox_controllers/share/ament_index/resource_index/package_run_dependencies/xiaox_controllers
[0.129s] -- Up-to-date: /home/jiehuang/xiaoxbot/ros2/xiaox_ws/install/xiaox_controllers/share/ament_index/resource_index/parent_prefix_path/xiaox_controllers
[0.129s] -- Up-to-date: /home/jiehuang/xiaoxbot/ros2/xiaox_ws/install/xiaox_controllers/share/xiaox_controllers/environment/ament_prefix_path.sh
[0.129s] -- Up-to-date: /home/jiehuang/xiaoxbot/ros2/xiaox_ws/install/xiaox_controllers/share/xiaox_controllers/environment/ament_prefix_path.dsv
[0.129s] -- Up-to-date: /home/jiehuang/xiaoxbot/ros2/xiaox_ws/install/xiaox_controllers/share/xiaox_controllers/environment/path.sh
[0.129s] -- Up-to-date: /home/jiehuang/xiaoxbot/ros2/xiaox_ws/install/xiaox_controllers/share/xiaox_controllers/environment/path.dsv
[0.129s] -- Up-to-date: /home/jiehuang/xiaoxbot/ros2/xiaox_ws/install/xiaox_controllers/share/xiaox_controllers/local_setup.bash
[0.129s] -- Up-to-date: /home/jiehuang/xiaoxbot/ros2/xiaox_ws/install/xiaox_controllers/share/xiaox_controllers/local_setup.sh
[0.129s] -- Up-to-date: /home/jiehuang/xiaoxbot/ros2/xiaox_ws/install/xiaox_controllers/share/xiaox_controllers/local_setup.zsh
[0.130s] -- Up-to-date: /home/jiehuang/xiaoxbot/ros2/xiaox_ws/install/xiaox_controllers/share/xiaox_controllers/local_setup.dsv
[0.130s] -- Installing: /home/jiehuang/xiaoxbot/ros2/xiaox_ws/install/xiaox_controllers/share/xiaox_controllers/package.dsv
[0.130s] -- Up-to-date: /home/jiehuang/xiaoxbot/ros2/xiaox_ws/install/xiaox_controllers/share/ament_index/resource_index/packages/xiaox_controllers
[0.130s] -- Up-to-date: /home/jiehuang/xiaoxbot/ros2/xiaox_ws/install/xiaox_controllers/share/xiaox_controllers/cmake/xiaox_controllersConfig.cmake
[0.130s] -- Up-to-date: /home/jiehuang/xiaoxbot/ros2/xiaox_ws/install/xiaox_controllers/share/xiaox_controllers/cmake/xiaox_controllersConfig-version.cmake
[0.130s] -- Up-to-date: /home/jiehuang/xiaoxbot/ros2/xiaox_ws/install/xiaox_controllers/share/xiaox_controllers/package.xml
[0.130s] Invoked command in '/home/jiehuang/xiaoxbot/ros2/xiaox_ws/build/xiaox_controllers' returned '0': CMAKE_PREFIX_PATH=${CMAKE_PREFIX_PATH}:/home/jiehuang/xiaoxbot/ros2/xiaox_ws/install/xiaoxbot_description:/home/jiehuang/xiaoxbot/ros2/xiaox_ws/install/xiaox_driver:/opt/ros/humble /opt/st/stm32cubeclt_1.17.0/CMake/bin/cmake --install /home/jiehuang/xiaoxbot/ros2/xiaox_ws/build/xiaox_controllers
