[0.005s] Invoking command in '/home/jiehuang/xiaoxbot/ros2/xiaox_ws/build/xiaoxbot_moveit_config': AMENT_PREFIX_PATH=/home/jiehuang/xiaoxbot/ros2/xiaox_ws/install/xiaoxbot_description:/home/jiehuang/xiaoxbot/ros2/xiaox_ws/install/xiaoxbot_moveit_config:/home/jiehuang/xiaoxbot/ros2/xiaox_ws/install/xiaox_bringup:/home/jiehuang/xiaoxbot/ros2/xiaox_ws/install/xiaox_hardware:/home/jiehuang/xiaoxbot/ros2/xiaox_ws/install/xiaox_driver:/home/jiehuang/xiaoxbot/ros2/xiaox_ws/install/xiaox_interfaces:/home/jiehuang/xiaoxbot/ros2/xiaox_ws/install/xiaox_controllers:/opt/ros/humble CMAKE_PREFIX_PATH=${CMAKE_PREFIX_PATH}:/home/jiehuang/xiaoxbot/ros2/xiaox_ws/install/xiaoxbot_description:/home/jiehuang/xiaoxbot/ros2/xiaox_ws/install/xiaox_driver:/opt/ros/humble /opt/st/stm32cubeclt_1.17.0/CMake/bin/cmake --build /home/jiehuang/xiaoxbot/ros2/xiaox_ws/build/xiaoxbot_moveit_config -- -j20 -l20
[0.013s] Invoked command in '/home/jiehuang/xiaoxbot/ros2/xiaox_ws/build/xiaoxbot_moveit_config' returned '0': AMENT_PREFIX_PATH=/home/jiehuang/xiaoxbot/ros2/xiaox_ws/install/xiaoxbot_description:/home/jiehuang/xiaoxbot/ros2/xiaox_ws/install/xiaoxbot_moveit_config:/home/jiehuang/xiaoxbot/ros2/xiaox_ws/install/xiaox_bringup:/home/jiehuang/xiaoxbot/ros2/xiaox_ws/install/xiaox_hardware:/home/jiehuang/xiaoxbot/ros2/xiaox_ws/install/xiaox_driver:/home/jiehuang/xiaoxbot/ros2/xiaox_ws/install/xiaox_interfaces:/home/jiehuang/xiaoxbot/ros2/xiaox_ws/install/xiaox_controllers:/opt/ros/humble CMAKE_PREFIX_PATH=${CMAKE_PREFIX_PATH}:/home/jiehuang/xiaoxbot/ros2/xiaox_ws/install/xiaoxbot_description:/home/jiehuang/xiaoxbot/ros2/xiaox_ws/install/xiaox_driver:/opt/ros/humble /opt/st/stm32cubeclt_1.17.0/CMake/bin/cmake --build /home/jiehuang/xiaoxbot/ros2/xiaox_ws/build/xiaoxbot_moveit_config -- -j20 -l20
[0.013s] Invoking command in '/home/jiehuang/xiaoxbot/ros2/xiaox_ws/build/xiaoxbot_moveit_config': AMENT_PREFIX_PATH=/home/jiehuang/xiaoxbot/ros2/xiaox_ws/install/xiaoxbot_description:/home/jiehuang/xiaoxbot/ros2/xiaox_ws/install/xiaoxbot_moveit_config:/home/jiehuang/xiaoxbot/ros2/xiaox_ws/install/xiaox_bringup:/home/jiehuang/xiaoxbot/ros2/xiaox_ws/install/xiaox_hardware:/home/jiehuang/xiaoxbot/ros2/xiaox_ws/install/xiaox_driver:/home/jiehuang/xiaoxbot/ros2/xiaox_ws/install/xiaox_interfaces:/home/jiehuang/xiaoxbot/ros2/xiaox_ws/install/xiaox_controllers:/opt/ros/humble CMAKE_PREFIX_PATH=${CMAKE_PREFIX_PATH}:/home/jiehuang/xiaoxbot/ros2/xiaox_ws/install/xiaoxbot_description:/home/jiehuang/xiaoxbot/ros2/xiaox_ws/install/xiaox_driver:/opt/ros/humble /opt/st/stm32cubeclt_1.17.0/CMake/bin/cmake --install /home/jiehuang/xiaoxbot/ros2/xiaox_ws/build/xiaoxbot_moveit_config
[0.015s] -- Install configuration: ""
[0.015s] -- Up-to-date: /home/jiehuang/xiaoxbot/ros2/xiaox_ws/install/xiaoxbot_moveit_config/share/ament_index/resource_index/package_run_dependencies/xiaoxbot_moveit_config
[0.015s] -- Up-to-date: /home/jiehuang/xiaoxbot/ros2/xiaox_ws/install/xiaoxbot_moveit_config/share/ament_index/resource_index/parent_prefix_path/xiaoxbot_moveit_config
[0.015s] -- Up-to-date: /home/jiehuang/xiaoxbot/ros2/xiaox_ws/install/xiaoxbot_moveit_config/share/xiaoxbot_moveit_config/environment/ament_prefix_path.sh
[0.015s] -- Up-to-date: /home/jiehuang/xiaoxbot/ros2/xiaox_ws/install/xiaoxbot_moveit_config/share/xiaoxbot_moveit_config/environment/ament_prefix_path.dsv
[0.015s] -- Up-to-date: /home/jiehuang/xiaoxbot/ros2/xiaox_ws/install/xiaoxbot_moveit_config/share/xiaoxbot_moveit_config/environment/path.sh
[0.015s] -- Up-to-date: /home/jiehuang/xiaoxbot/ros2/xiaox_ws/install/xiaoxbot_moveit_config/share/xiaoxbot_moveit_config/environment/path.dsv
[0.015s] -- Up-to-date: /home/jiehuang/xiaoxbot/ros2/xiaox_ws/install/xiaoxbot_moveit_config/share/xiaoxbot_moveit_config/local_setup.bash
[0.015s] -- Up-to-date: /home/jiehuang/xiaoxbot/ros2/xiaox_ws/install/xiaoxbot_moveit_config/share/xiaoxbot_moveit_config/local_setup.sh
[0.016s] -- Up-to-date: /home/jiehuang/xiaoxbot/ros2/xiaox_ws/install/xiaoxbot_moveit_config/share/xiaoxbot_moveit_config/local_setup.zsh
[0.016s] -- Up-to-date: /home/jiehuang/xiaoxbot/ros2/xiaox_ws/install/xiaoxbot_moveit_config/share/xiaoxbot_moveit_config/local_setup.dsv
[0.016s] -- Installing: /home/jiehuang/xiaoxbot/ros2/xiaox_ws/install/xiaoxbot_moveit_config/share/xiaoxbot_moveit_config/package.dsv
[0.016s] -- Up-to-date: /home/jiehuang/xiaoxbot/ros2/xiaox_ws/install/xiaoxbot_moveit_config/share/ament_index/resource_index/packages/xiaoxbot_moveit_config
[0.016s] -- Up-to-date: /home/jiehuang/xiaoxbot/ros2/xiaox_ws/install/xiaoxbot_moveit_config/share/xiaoxbot_moveit_config/cmake/xiaoxbot_moveit_configConfig.cmake
[0.016s] -- Up-to-date: /home/jiehuang/xiaoxbot/ros2/xiaox_ws/install/xiaoxbot_moveit_config/share/xiaoxbot_moveit_config/cmake/xiaoxbot_moveit_configConfig-version.cmake
[0.016s] -- Up-to-date: /home/jiehuang/xiaoxbot/ros2/xiaox_ws/install/xiaoxbot_moveit_config/share/xiaoxbot_moveit_config/package.xml
[0.016s] -- Up-to-date: /home/jiehuang/xiaoxbot/ros2/xiaox_ws/install/xiaoxbot_moveit_config/share/xiaoxbot_moveit_config/launch
[0.016s] -- Up-to-date: /home/jiehuang/xiaoxbot/ros2/xiaox_ws/install/xiaoxbot_moveit_config/share/xiaoxbot_moveit_config/launch/warehouse_db.launch.py
[0.016s] -- Up-to-date: /home/jiehuang/xiaoxbot/ros2/xiaox_ws/install/xiaoxbot_moveit_config/share/xiaoxbot_moveit_config/launch/demo.launch.py
[0.016s] -- Up-to-date: /home/jiehuang/xiaoxbot/ros2/xiaox_ws/install/xiaoxbot_moveit_config/share/xiaoxbot_moveit_config/launch/move_group.launch.py
[0.016s] -- Up-to-date: /home/jiehuang/xiaoxbot/ros2/xiaox_ws/install/xiaoxbot_moveit_config/share/xiaoxbot_moveit_config/launch/setup_assistant.launch.py
[0.016s] -- Up-to-date: /home/jiehuang/xiaoxbot/ros2/xiaox_ws/install/xiaoxbot_moveit_config/share/xiaoxbot_moveit_config/launch/rsp.launch.py
[0.016s] -- Up-to-date: /home/jiehuang/xiaoxbot/ros2/xiaox_ws/install/xiaoxbot_moveit_config/share/xiaoxbot_moveit_config/launch/moveit_rviz.launch.py
[0.016s] -- Up-to-date: /home/jiehuang/xiaoxbot/ros2/xiaox_ws/install/xiaoxbot_moveit_config/share/xiaoxbot_moveit_config/launch/spawn_controllers.launch.py
[0.016s] -- Up-to-date: /home/jiehuang/xiaoxbot/ros2/xiaox_ws/install/xiaoxbot_moveit_config/share/xiaoxbot_moveit_config/launch/static_virtual_joint_tfs.launch.py
[0.016s] -- Up-to-date: /home/jiehuang/xiaoxbot/ros2/xiaox_ws/install/xiaoxbot_moveit_config/share/xiaoxbot_moveit_config/config
[0.016s] -- Up-to-date: /home/jiehuang/xiaoxbot/ros2/xiaox_ws/install/xiaoxbot_moveit_config/share/xiaoxbot_moveit_config/config/initial_positions.yaml
[0.016s] -- Up-to-date: /home/jiehuang/xiaoxbot/ros2/xiaox_ws/install/xiaoxbot_moveit_config/share/xiaoxbot_moveit_config/config/moveit_controllers.yaml
[0.016s] -- Up-to-date: /home/jiehuang/xiaoxbot/ros2/xiaox_ws/install/xiaoxbot_moveit_config/share/xiaoxbot_moveit_config/config/xiaoxbot_description.urdf.xacro
[0.016s] -- Up-to-date: /home/jiehuang/xiaoxbot/ros2/xiaox_ws/install/xiaoxbot_moveit_config/share/xiaoxbot_moveit_config/config/ros2_controllers.yaml
[0.016s] -- Up-to-date: /home/jiehuang/xiaoxbot/ros2/xiaox_ws/install/xiaoxbot_moveit_config/share/xiaoxbot_moveit_config/config/xiaoxbot_description.srdf
[0.016s] -- Up-to-date: /home/jiehuang/xiaoxbot/ros2/xiaox_ws/install/xiaoxbot_moveit_config/share/xiaoxbot_moveit_config/config/kinematics.yaml
[0.016s] -- Up-to-date: /home/jiehuang/xiaoxbot/ros2/xiaox_ws/install/xiaoxbot_moveit_config/share/xiaoxbot_moveit_config/config/moveit.rviz
[0.016s] -- Up-to-date: /home/jiehuang/xiaoxbot/ros2/xiaox_ws/install/xiaoxbot_moveit_config/share/xiaoxbot_moveit_config/config/joint_limits.yaml
[0.016s] -- Up-to-date: /home/jiehuang/xiaoxbot/ros2/xiaox_ws/install/xiaoxbot_moveit_config/share/xiaoxbot_moveit_config/config/xiaoxbot_description.ros2_control.xacro
[0.016s] -- Up-to-date: /home/jiehuang/xiaoxbot/ros2/xiaox_ws/install/xiaoxbot_moveit_config/share/xiaoxbot_moveit_config/config/pilz_cartesian_limits.yaml
[0.016s] -- Up-to-date: /home/jiehuang/xiaoxbot/ros2/xiaox_ws/install/xiaoxbot_moveit_config/share/xiaoxbot_moveit_config/.setup_assistant
[0.017s] Invoked command in '/home/jiehuang/xiaoxbot/ros2/xiaox_ws/build/xiaoxbot_moveit_config' returned '0': AMENT_PREFIX_PATH=/home/jiehuang/xiaoxbot/ros2/xiaox_ws/install/xiaoxbot_description:/home/jiehuang/xiaoxbot/ros2/xiaox_ws/install/xiaoxbot_moveit_config:/home/jiehuang/xiaoxbot/ros2/xiaox_ws/install/xiaox_bringup:/home/jiehuang/xiaoxbot/ros2/xiaox_ws/install/xiaox_hardware:/home/jiehuang/xiaoxbot/ros2/xiaox_ws/install/xiaox_driver:/home/jiehuang/xiaoxbot/ros2/xiaox_ws/install/xiaox_interfaces:/home/jiehuang/xiaoxbot/ros2/xiaox_ws/install/xiaox_controllers:/opt/ros/humble CMAKE_PREFIX_PATH=${CMAKE_PREFIX_PATH}:/home/jiehuang/xiaoxbot/ros2/xiaox_ws/install/xiaoxbot_description:/home/jiehuang/xiaoxbot/ros2/xiaox_ws/install/xiaox_driver:/opt/ros/humble /opt/st/stm32cubeclt_1.17.0/CMake/bin/cmake --install /home/jiehuang/xiaoxbot/ros2/xiaox_ws/build/xiaoxbot_moveit_config
