[0.007s] Invoking command in '/home/jiehuang/xiaoxbot/ros2/xiaox_ws/build/xiaox_controllers': CMAKE_PREFIX_PATH=${CMAKE_PREFIX_PATH}:/home/jiehuang/xiaoxbot/ros2/xiaox_ws/install/xiaoxbot_description:/home/jiehuang/xiaoxbot/ros2/xiaox_ws/install/xiaox_driver:/opt/ros/humble /opt/st/stm32cubeclt_1.17.0/CMake/bin/cmake /home/jiehuang/xiaoxbot/ros2/xiaox_ws/src/xiaox_controllers -DCMAKE_INSTALL_PREFIX=/home/jiehuang/xiaoxbot/ros2/xiaox_ws/install/xiaox_controllers
[0.037s] -- The C compiler identification is GNU 11.4.0
[0.065s] -- The CXX compiler identification is GNU 11.4.0
[0.075s] -- Detecting C compiler ABI info
[0.108s] -- Detecting C compiler ABI info - done
[0.114s] -- Check for working C compiler: /usr/bin/cc - skipped
[0.114s] -- Detecting C compile features
[0.114s] -- Detecting C compile features - done
[0.120s] -- Detecting CXX compiler ABI info
[0.163s] -- Detecting CXX compiler ABI info - done
[0.169s] -- Check for working CXX compiler: /usr/bin/c++ - skipped
[0.169s] -- Detecting CXX compile features
[0.169s] -- Detecting CXX compile features - done
[0.170s] -- Found ament_cmake: 1.3.13 (/opt/ros/humble/share/ament_cmake/cmake)
[0.244s] -- Found Python3: /usr/bin/python3 (found version "3.10.12") found components: Interpreter 
[0.320s] -- Configuring done (0.3s)
[0.321s] -- Generating done (0.0s)
[0.322s] -- Build files have been written to: /home/jiehuang/xiaoxbot/ros2/xiaox_ws/build/xiaox_controllers
[0.325s] Invoked command in '/home/jiehuang/xiaoxbot/ros2/xiaox_ws/build/xiaox_controllers' returned '0': CMAKE_PREFIX_PATH=${CMAKE_PREFIX_PATH}:/home/jiehuang/xiaoxbot/ros2/xiaox_ws/install/xiaoxbot_description:/home/jiehuang/xiaoxbot/ros2/xiaox_ws/install/xiaox_driver:/opt/ros/humble /opt/st/stm32cubeclt_1.17.0/CMake/bin/cmake /home/jiehuang/xiaoxbot/ros2/xiaox_ws/src/xiaox_controllers -DCMAKE_INSTALL_PREFIX=/home/jiehuang/xiaoxbot/ros2/xiaox_ws/install/xiaox_controllers
[0.325s] Invoking command in '/home/jiehuang/xiaoxbot/ros2/xiaox_ws/build/xiaox_controllers': CMAKE_PREFIX_PATH=${CMAKE_PREFIX_PATH}:/home/jiehuang/xiaoxbot/ros2/xiaox_ws/install/xiaoxbot_description:/home/jiehuang/xiaoxbot/ros2/xiaox_ws/install/xiaox_driver:/opt/ros/humble /opt/st/stm32cubeclt_1.17.0/CMake/bin/cmake --build /home/jiehuang/xiaoxbot/ros2/xiaox_ws/build/xiaox_controllers -- -j20 -l20
[0.334s] Invoked command in '/home/jiehuang/xiaoxbot/ros2/xiaox_ws/build/xiaox_controllers' returned '0': CMAKE_PREFIX_PATH=${CMAKE_PREFIX_PATH}:/home/jiehuang/xiaoxbot/ros2/xiaox_ws/install/xiaoxbot_description:/home/jiehuang/xiaoxbot/ros2/xiaox_ws/install/xiaox_driver:/opt/ros/humble /opt/st/stm32cubeclt_1.17.0/CMake/bin/cmake --build /home/jiehuang/xiaoxbot/ros2/xiaox_ws/build/xiaox_controllers -- -j20 -l20
[0.336s] Invoking command in '/home/jiehuang/xiaoxbot/ros2/xiaox_ws/build/xiaox_controllers': CMAKE_PREFIX_PATH=${CMAKE_PREFIX_PATH}:/home/jiehuang/xiaoxbot/ros2/xiaox_ws/install/xiaoxbot_description:/home/jiehuang/xiaoxbot/ros2/xiaox_ws/install/xiaox_driver:/opt/ros/humble /opt/st/stm32cubeclt_1.17.0/CMake/bin/cmake --install /home/jiehuang/xiaoxbot/ros2/xiaox_ws/build/xiaox_controllers
[0.337s] -- Install configuration: ""
[0.337s] -- Installing: /home/jiehuang/xiaoxbot/ros2/xiaox_ws/install/xiaox_controllers/share/xiaox_controllers/config
[0.337s] -- Installing: /home/jiehuang/xiaoxbot/ros2/xiaox_ws/install/xiaox_controllers/share/xiaox_controllers/config/xiaox_controllers.yaml
[0.338s] -- Installing: /home/jiehuang/xiaoxbot/ros2/xiaox_ws/install/xiaox_controllers/share/ament_index/resource_index/package_run_dependencies/xiaox_controllers
[0.338s] -- Installing: /home/jiehuang/xiaoxbot/ros2/xiaox_ws/install/xiaox_controllers/share/ament_index/resource_index/parent_prefix_path/xiaox_controllers
[0.338s] -- Installing: /home/jiehuang/xiaoxbot/ros2/xiaox_ws/install/xiaox_controllers/share/xiaox_controllers/environment/ament_prefix_path.sh
[0.338s] -- Installing: /home/jiehuang/xiaoxbot/ros2/xiaox_ws/install/xiaox_controllers/share/xiaox_controllers/environment/ament_prefix_path.dsv
[0.338s] -- Installing: /home/jiehuang/xiaoxbot/ros2/xiaox_ws/install/xiaox_controllers/share/xiaox_controllers/environment/path.sh
[0.338s] -- Installing: /home/jiehuang/xiaoxbot/ros2/xiaox_ws/install/xiaox_controllers/share/xiaox_controllers/environment/path.dsv
[0.338s] -- Installing: /home/jiehuang/xiaoxbot/ros2/xiaox_ws/install/xiaox_controllers/share/xiaox_controllers/local_setup.bash
[0.338s] -- Installing: /home/jiehuang/xiaoxbot/ros2/xiaox_ws/install/xiaox_controllers/share/xiaox_controllers/local_setup.sh
[0.338s] -- Installing: /home/jiehuang/xiaoxbot/ros2/xiaox_ws/install/xiaox_controllers/share/xiaox_controllers/local_setup.zsh
[0.338s] -- Installing: /home/jiehuang/xiaoxbot/ros2/xiaox_ws/install/xiaox_controllers/share/xiaox_controllers/local_setup.dsv
[0.338s] -- Installing: /home/jiehuang/xiaoxbot/ros2/xiaox_ws/install/xiaox_controllers/share/xiaox_controllers/package.dsv
[0.339s] -- Installing: /home/jiehuang/xiaoxbot/ros2/xiaox_ws/install/xiaox_controllers/share/ament_index/resource_index/packages/xiaox_controllers
[0.339s] -- Installing: /home/jiehuang/xiaoxbot/ros2/xiaox_ws/install/xiaox_controllers/share/xiaox_controllers/cmake/xiaox_controllersConfig.cmake
[0.339s] -- Installing: /home/jiehuang/xiaoxbot/ros2/xiaox_ws/install/xiaox_controllers/share/xiaox_controllers/cmake/xiaox_controllersConfig-version.cmake
[0.339s] -- Installing: /home/jiehuang/xiaoxbot/ros2/xiaox_ws/install/xiaox_controllers/share/xiaox_controllers/package.xml
[0.339s] Invoked command in '/home/jiehuang/xiaoxbot/ros2/xiaox_ws/build/xiaox_controllers' returned '0': CMAKE_PREFIX_PATH=${CMAKE_PREFIX_PATH}:/home/jiehuang/xiaoxbot/ros2/xiaox_ws/install/xiaoxbot_description:/home/jiehuang/xiaoxbot/ros2/xiaox_ws/install/xiaox_driver:/opt/ros/humble /opt/st/stm32cubeclt_1.17.0/CMake/bin/cmake --install /home/jiehuang/xiaoxbot/ros2/xiaox_ws/build/xiaox_controllers
