running egg_info
creating ../../build/xiaoxbot_description/xiaoxbot_description.egg-info
writing ../../build/xiaoxbot_description/xiaoxbot_description.egg-info/PKG-INFO
writing dependency_links to ../../build/xiaoxbot_description/xiaoxbot_description.egg-info/dependency_links.txt
writing entry points to ../../build/xiaoxbot_description/xiaoxbot_description.egg-info/entry_points.txt
writing requirements to ../../build/xiaoxbot_description/xiaoxbot_description.egg-info/requires.txt
writing top-level names to ../../build/xiaoxbot_description/xiaoxbot_description.egg-info/top_level.txt
writing manifest file '../../build/xiaoxbot_description/xiaoxbot_description.egg-info/SOURCES.txt'
reading manifest file '../../build/xiaoxbot_description/xiaoxbot_description.egg-info/SOURCES.txt'
writing manifest file '../../build/xiaoxbot_description/xiaoxbot_description.egg-info/SOURCES.txt'
running build
running build_py
creating /home/jiehuang/xiaoxbot/ros2/xiaox_ws/build/xiaoxbot_description/build
creating /home/jiehuang/xiaoxbot/ros2/xiaox_ws/build/xiaoxbot_description/build/lib
creating /home/jiehuang/xiaoxbot/ros2/xiaox_ws/build/xiaoxbot_description/build/lib/xiaoxbot_description
copying xiaoxbot_description/__init__.py -> /home/jiehuang/xiaoxbot/ros2/xiaox_ws/build/xiaoxbot_description/build/lib/xiaoxbot_description
running install
running install_lib
creating /home/jiehuang/xiaoxbot/ros2/xiaox_ws/install/xiaoxbot_description/lib/python3.10/site-packages/xiaoxbot_description
copying /home/jiehuang/xiaoxbot/ros2/xiaox_ws/build/xiaoxbot_description/build/lib/xiaoxbot_description/__init__.py -> /home/jiehuang/xiaoxbot/ros2/xiaox_ws/install/xiaoxbot_description/lib/python3.10/site-packages/xiaoxbot_description
byte-compiling /home/jiehuang/xiaoxbot/ros2/xiaox_ws/install/xiaoxbot_description/lib/python3.10/site-packages/xiaoxbot_description/__init__.py to __init__.cpython-310.pyc
running install_data
creating /home/jiehuang/xiaoxbot/ros2/xiaox_ws/install/xiaoxbot_description/share/ament_index
creating /home/jiehuang/xiaoxbot/ros2/xiaox_ws/install/xiaoxbot_description/share/ament_index/resource_index
creating /home/jiehuang/xiaoxbot/ros2/xiaox_ws/install/xiaoxbot_description/share/ament_index/resource_index/packages
copying resource/xiaoxbot_description -> /home/jiehuang/xiaoxbot/ros2/xiaox_ws/install/xiaoxbot_description/share/ament_index/resource_index/packages
copying package.xml -> /home/jiehuang/xiaoxbot/ros2/xiaox_ws/install/xiaoxbot_description/share/xiaoxbot_description
creating /home/jiehuang/xiaoxbot/ros2/xiaox_ws/install/xiaoxbot_description/share/xiaoxbot_description/urdf
copying urdf/xiaox_ros2_control.xacro -> /home/jiehuang/xiaoxbot/ros2/xiaox_ws/install/xiaoxbot_description/share/xiaoxbot_description/urdf
copying urdf/mydummy.urdf -> /home/jiehuang/xiaoxbot/ros2/xiaox_ws/install/xiaoxbot_description/share/xiaoxbot_description/urdf
copying urdf/reference.urdf -> /home/jiehuang/xiaoxbot/ros2/xiaox_ws/install/xiaoxbot_description/share/xiaoxbot_description/urdf
running install_egg_info
Copying ../../build/xiaoxbot_description/xiaoxbot_description.egg-info to /home/jiehuang/xiaoxbot/ros2/xiaox_ws/install/xiaoxbot_description/lib/python3.10/site-packages/xiaoxbot_description-0.0.0-py3.10.egg-info
running install_scripts
writing list of installed files to '/home/jiehuang/xiaoxbot/ros2/xiaox_ws/build/xiaoxbot_description/install.log'
