[0.279s] Invoking command in '/home/jiehuang/xiaoxbot/ros2/xiaox_ws/src/xiaoxbot_description': PYTHONPATH=/home/jiehuang/xiaoxbot/ros2/xiaox_ws/build/xiaoxbot_description/prefix_override:/usr/lib/python3/dist-packages/colcon_core/task/python/colcon_distutils_commands:/home/jiehuang/xiaoxbot/ros2/xiaox_ws/install/xiaoxbot_description/lib/python3.10/site-packages:${PYTHONPATH} /usr/bin/python3 -W ignore:setup.py install is deprecated -W ignore:easy_install command is deprecated setup.py egg_info --egg-base ../../build/xiaoxbot_description build --build-base /home/jiehuang/xiaoxbot/ros2/xiaox_ws/build/xiaoxbot_description/build install --record /home/jiehuang/xiaoxbot/ros2/xiaox_ws/build/xiaoxbot_description/install.log --single-version-externally-managed install_data
[0.382s] running egg_info
[0.382s] creating ../../build/xiaoxbot_description/xiaoxbot_description.egg-info
[0.382s] writing ../../build/xiaoxbot_description/xiaoxbot_description.egg-info/PKG-INFO
[0.382s] writing dependency_links to ../../build/xiaoxbot_description/xiaoxbot_description.egg-info/dependency_links.txt
[0.382s] writing entry points to ../../build/xiaoxbot_description/xiaoxbot_description.egg-info/entry_points.txt
[0.382s] writing requirements to ../../build/xiaoxbot_description/xiaoxbot_description.egg-info/requires.txt
[0.382s] writing top-level names to ../../build/xiaoxbot_description/xiaoxbot_description.egg-info/top_level.txt
[0.382s] writing manifest file '../../build/xiaoxbot_description/xiaoxbot_description.egg-info/SOURCES.txt'
[0.383s] reading manifest file '../../build/xiaoxbot_description/xiaoxbot_description.egg-info/SOURCES.txt'
[0.383s] writing manifest file '../../build/xiaoxbot_description/xiaoxbot_description.egg-info/SOURCES.txt'
[0.384s] running build
[0.384s] running build_py
[0.384s] creating /home/jiehuang/xiaoxbot/ros2/xiaox_ws/build/xiaoxbot_description/build
[0.384s] creating /home/jiehuang/xiaoxbot/ros2/xiaox_ws/build/xiaoxbot_description/build/lib
[0.384s] creating /home/jiehuang/xiaoxbot/ros2/xiaox_ws/build/xiaoxbot_description/build/lib/xiaoxbot_description
[0.384s] copying xiaoxbot_description/__init__.py -> /home/jiehuang/xiaoxbot/ros2/xiaox_ws/build/xiaoxbot_description/build/lib/xiaoxbot_description
[0.384s] running install
[0.384s] running install_lib
[0.384s] creating /home/jiehuang/xiaoxbot/ros2/xiaox_ws/install/xiaoxbot_description/lib/python3.10/site-packages/xiaoxbot_description
[0.384s] copying /home/jiehuang/xiaoxbot/ros2/xiaox_ws/build/xiaoxbot_description/build/lib/xiaoxbot_description/__init__.py -> /home/jiehuang/xiaoxbot/ros2/xiaox_ws/install/xiaoxbot_description/lib/python3.10/site-packages/xiaoxbot_description
[0.384s] byte-compiling /home/jiehuang/xiaoxbot/ros2/xiaox_ws/install/xiaoxbot_description/lib/python3.10/site-packages/xiaoxbot_description/__init__.py to __init__.cpython-310.pyc
[0.384s] running install_data
[0.384s] creating /home/jiehuang/xiaoxbot/ros2/xiaox_ws/install/xiaoxbot_description/share/ament_index
[0.384s] creating /home/jiehuang/xiaoxbot/ros2/xiaox_ws/install/xiaoxbot_description/share/ament_index/resource_index
[0.385s] creating /home/jiehuang/xiaoxbot/ros2/xiaox_ws/install/xiaoxbot_description/share/ament_index/resource_index/packages
[0.385s] copying resource/xiaoxbot_description -> /home/jiehuang/xiaoxbot/ros2/xiaox_ws/install/xiaoxbot_description/share/ament_index/resource_index/packages
[0.385s] copying package.xml -> /home/jiehuang/xiaoxbot/ros2/xiaox_ws/install/xiaoxbot_description/share/xiaoxbot_description
[0.385s] creating /home/jiehuang/xiaoxbot/ros2/xiaox_ws/install/xiaoxbot_description/share/xiaoxbot_description/urdf
[0.385s] copying urdf/xiaox_ros2_control.xacro -> /home/jiehuang/xiaoxbot/ros2/xiaox_ws/install/xiaoxbot_description/share/xiaoxbot_description/urdf
[0.385s] copying urdf/mydummy.urdf -> /home/jiehuang/xiaoxbot/ros2/xiaox_ws/install/xiaoxbot_description/share/xiaoxbot_description/urdf
[0.385s] copying urdf/reference.urdf -> /home/jiehuang/xiaoxbot/ros2/xiaox_ws/install/xiaoxbot_description/share/xiaoxbot_description/urdf
[0.385s] running install_egg_info
[0.385s] Copying ../../build/xiaoxbot_description/xiaoxbot_description.egg-info to /home/jiehuang/xiaoxbot/ros2/xiaox_ws/install/xiaoxbot_description/lib/python3.10/site-packages/xiaoxbot_description-0.0.0-py3.10.egg-info
[0.386s] running install_scripts
[0.395s] writing list of installed files to '/home/jiehuang/xiaoxbot/ros2/xiaox_ws/build/xiaoxbot_description/install.log'
[0.405s] Invoked command in '/home/jiehuang/xiaoxbot/ros2/xiaox_ws/src/xiaoxbot_description' returned '0': PYTHONPATH=/home/jiehuang/xiaoxbot/ros2/xiaox_ws/build/xiaoxbot_description/prefix_override:/usr/lib/python3/dist-packages/colcon_core/task/python/colcon_distutils_commands:/home/jiehuang/xiaoxbot/ros2/xiaox_ws/install/xiaoxbot_description/lib/python3.10/site-packages:${PYTHONPATH} /usr/bin/python3 -W ignore:setup.py install is deprecated -W ignore:easy_install command is deprecated setup.py egg_info --egg-base ../../build/xiaoxbot_description build --build-base /home/jiehuang/xiaoxbot/ros2/xiaox_ws/build/xiaoxbot_description/build install --record /home/jiehuang/xiaoxbot/ros2/xiaox_ws/build/xiaoxbot_description/install.log --single-version-externally-managed install_data
