[100%] Built target xiaox_hardware
-- Install configuration: ""
-- Up-to-date: /home/jiehuang/xiaoxbot/ros2/xiaox_ws/install/xiaox_hardware/share/xiaox_hardware/xiaox_hardware.xml
-- Up-to-date: /home/jiehuang/xiaoxbot/ros2/xiaox_ws/install/xiaox_hardware/lib/libxiaox_hardware.so
-- Up-to-date: /home/jiehuang/xiaoxbot/ros2/xiaox_ws/install/xiaox_hardware/include
-- Up-to-date: /home/jiehuang/xiaoxbot/ros2/xiaox_ws/install/xiaox_hardware/include/xiaox_hardware
-- Up-to-date: /home/jiehuang/xiaoxbot/ros2/xiaox_ws/install/xiaox_hardware/include/xiaox_hardware/xiaox_hardware.hpp
-- Up-to-date: /home/jiehuang/xiaoxbot/ros2/xiaox_ws/install/xiaox_hardware/share/xiaox_hardware/xiaox_hardware.xml
-- Up-to-date: /home/jiehuang/xiaoxbot/ros2/xiaox_ws/install/xiaox_hardware/share/xiaox_hardware/environment/library_path.sh
-- Up-to-date: /home/jiehuang/xiaoxbot/ros2/xiaox_ws/install/xiaox_hardware/share/xiaox_hardware/environment/library_path.dsv
-- Up-to-date: /home/jiehuang/xiaoxbot/ros2/xiaox_ws/install/xiaox_hardware/share/ament_index/resource_index/package_run_dependencies/xiaox_hardware
-- Up-to-date: /home/jiehuang/xiaoxbot/ros2/xiaox_ws/install/xiaox_hardware/share/ament_index/resource_index/parent_prefix_path/xiaox_hardware
-- Up-to-date: /home/jiehuang/xiaoxbot/ros2/xiaox_ws/install/xiaox_hardware/share/xiaox_hardware/environment/ament_prefix_path.sh
-- Up-to-date: /home/jiehuang/xiaoxbot/ros2/xiaox_ws/install/xiaox_hardware/share/xiaox_hardware/environment/ament_prefix_path.dsv
-- Up-to-date: /home/jiehuang/xiaoxbot/ros2/xiaox_ws/install/xiaox_hardware/share/xiaox_hardware/environment/path.sh
-- Up-to-date: /home/jiehuang/xiaoxbot/ros2/xiaox_ws/install/xiaox_hardware/share/xiaox_hardware/environment/path.dsv
-- Up-to-date: /home/jiehuang/xiaoxbot/ros2/xiaox_ws/install/xiaox_hardware/share/xiaox_hardware/local_setup.bash
-- Up-to-date: /home/jiehuang/xiaoxbot/ros2/xiaox_ws/install/xiaox_hardware/share/xiaox_hardware/local_setup.sh
-- Up-to-date: /home/jiehuang/xiaoxbot/ros2/xiaox_ws/install/xiaox_hardware/share/xiaox_hardware/local_setup.zsh
-- Up-to-date: /home/jiehuang/xiaoxbot/ros2/xiaox_ws/install/xiaox_hardware/share/xiaox_hardware/local_setup.dsv
-- Installing: /home/jiehuang/xiaoxbot/ros2/xiaox_ws/install/xiaox_hardware/share/xiaox_hardware/package.dsv
-- Up-to-date: /home/jiehuang/xiaoxbot/ros2/xiaox_ws/install/xiaox_hardware/share/ament_index/resource_index/packages/xiaox_hardware
-- Up-to-date: /home/jiehuang/xiaoxbot/ros2/xiaox_ws/install/xiaox_hardware/share/ament_index/resource_index/hardware_interface__pluginlib__plugin/xiaox_hardware
-- Up-to-date: /home/jiehuang/xiaoxbot/ros2/xiaox_ws/install/xiaox_hardware/share/xiaox_hardware/cmake/ament_cmake_export_include_directories-extras.cmake
-- Up-to-date: /home/jiehuang/xiaoxbot/ros2/xiaox_ws/install/xiaox_hardware/share/xiaox_hardware/cmake/ament_cmake_export_libraries-extras.cmake
-- Up-to-date: /home/jiehuang/xiaoxbot/ros2/xiaox_ws/install/xiaox_hardware/share/xiaox_hardware/cmake/ament_cmake_export_dependencies-extras.cmake
-- Up-to-date: /home/jiehuang/xiaoxbot/ros2/xiaox_ws/install/xiaox_hardware/share/xiaox_hardware/cmake/xiaox_hardwareConfig.cmake
-- Up-to-date: /home/jiehuang/xiaoxbot/ros2/xiaox_ws/install/xiaox_hardware/share/xiaox_hardware/cmake/xiaox_hardwareConfig-version.cmake
-- Up-to-date: /home/jiehuang/xiaoxbot/ros2/xiaox_ws/install/xiaox_hardware/share/xiaox_hardware/package.xml
