[0.280s] Invoking command in '/home/jiehuang/xiaoxbot/ros2/xiaox_ws/src/xiaox_driver': CMAKE_PREFIX_PATH=/home/jiehuang/xiaoxbot/ros2/xiaox_ws/install/xiaox_interfaces:/home/jiehuang/xiaoxbot/ros2/xiaox_ws/install/xiaoxbot_moveit_config:/home/jiehuang/xiaoxbot/ros2/xiaox_ws/install/xiaox_bringup:/home/jiehuang/xiaoxbot/ros2/xiaox_ws/install/xiaox_hardware:/home/jiehuang/xiaoxbot/ros2/xiaox_ws/install/xiaox_controllers LD_LIBRARY_PATH=/home/jiehuang/xiaoxbot/ros2/xiaox_ws/install/xiaox_interfaces/lib:/home/jiehuang/xiaoxbot/ros2/xiaox_ws/install/xiaox_hardware/lib:/usr/lib/x86_64-linux-gnu/gazebo-11/plugins:/opt/ros/humble/opt/rviz_ogre_vendor/lib:/opt/ros/humble/lib/x86_64-linux-gnu:/opt/ros/humble/lib:/usr/local/cuda-12.5/lib64:/home/jiehuang/.mujoco/mujoco-3.4.0/bin PYTHONPATH=/home/jiehuang/xiaoxbot/ros2/xiaox_ws/build/xiaox_driver/prefix_override:/usr/lib/python3/dist-packages/colcon_core/task/python/colcon_distutils_commands:/home/jiehuang/xiaoxbot/ros2/xiaox_ws/install/xiaox_driver/lib/python3.10/site-packages:${PYTHONPATH} /usr/bin/python3 -W ignore:setup.py install is deprecated -W ignore:easy_install command is deprecated setup.py egg_info --egg-base ../../build/xiaox_driver build --build-base /home/jiehuang/xiaoxbot/ros2/xiaox_ws/build/xiaox_driver/build install --record /home/jiehuang/xiaoxbot/ros2/xiaox_ws/build/xiaox_driver/install.log --single-version-externally-managed install_data
[0.385s] running egg_info
[0.385s] writing ../../build/xiaox_driver/xiaox_driver.egg-info/PKG-INFO
[0.385s] writing dependency_links to ../../build/xiaox_driver/xiaox_driver.egg-info/dependency_links.txt
[0.386s] writing entry points to ../../build/xiaox_driver/xiaox_driver.egg-info/entry_points.txt
[0.386s] writing requirements to ../../build/xiaox_driver/xiaox_driver.egg-info/requires.txt
[0.386s] writing top-level names to ../../build/xiaox_driver/xiaox_driver.egg-info/top_level.txt
[0.386s] reading manifest file '../../build/xiaox_driver/xiaox_driver.egg-info/SOURCES.txt'
[0.387s] writing manifest file '../../build/xiaox_driver/xiaox_driver.egg-info/SOURCES.txt'
[0.387s] running build
[0.387s] running build_py
[0.387s] running install
[0.387s] running install_lib
[0.387s] running install_data
[0.387s] running install_egg_info
[0.388s] removing '/home/jiehuang/xiaoxbot/ros2/xiaox_ws/install/xiaox_driver/lib/python3.10/site-packages/xiaox_driver-0.1.0-py3.10.egg-info' (and everything under it)
[0.388s] Copying ../../build/xiaox_driver/xiaox_driver.egg-info to /home/jiehuang/xiaoxbot/ros2/xiaox_ws/install/xiaox_driver/lib/python3.10/site-packages/xiaox_driver-0.1.0-py3.10.egg-info
[0.389s] running install_scripts
[0.398s] Installing driver_node script to /home/jiehuang/xiaoxbot/ros2/xiaox_ws/install/xiaox_driver/lib/xiaox_driver
[0.398s] writing list of installed files to '/home/jiehuang/xiaoxbot/ros2/xiaox_ws/build/xiaox_driver/install.log'
[0.408s] Invoked command in '/home/jiehuang/xiaoxbot/ros2/xiaox_ws/src/xiaox_driver' returned '0': CMAKE_PREFIX_PATH=/home/jiehuang/xiaoxbot/ros2/xiaox_ws/install/xiaox_interfaces:/home/jiehuang/xiaoxbot/ros2/xiaox_ws/install/xiaoxbot_moveit_config:/home/jiehuang/xiaoxbot/ros2/xiaox_ws/install/xiaox_bringup:/home/jiehuang/xiaoxbot/ros2/xiaox_ws/install/xiaox_hardware:/home/jiehuang/xiaoxbot/ros2/xiaox_ws/install/xiaox_controllers LD_LIBRARY_PATH=/home/jiehuang/xiaoxbot/ros2/xiaox_ws/install/xiaox_interfaces/lib:/home/jiehuang/xiaoxbot/ros2/xiaox_ws/install/xiaox_hardware/lib:/usr/lib/x86_64-linux-gnu/gazebo-11/plugins:/opt/ros/humble/opt/rviz_ogre_vendor/lib:/opt/ros/humble/lib/x86_64-linux-gnu:/opt/ros/humble/lib:/usr/local/cuda-12.5/lib64:/home/jiehuang/.mujoco/mujoco-3.4.0/bin PYTHONPATH=/home/jiehuang/xiaoxbot/ros2/xiaox_ws/build/xiaox_driver/prefix_override:/usr/lib/python3/dist-packages/colcon_core/task/python/colcon_distutils_commands:/home/jiehuang/xiaoxbot/ros2/xiaox_ws/install/xiaox_driver/lib/python3.10/site-packages:${PYTHONPATH} /usr/bin/python3 -W ignore:setup.py install is deprecated -W ignore:easy_install command is deprecated setup.py egg_info --egg-base ../../build/xiaox_driver build --build-base /home/jiehuang/xiaoxbot/ros2/xiaox_ws/build/xiaox_driver/build install --record /home/jiehuang/xiaoxbot/ros2/xiaox_ws/build/xiaox_driver/install.log --single-version-externally-managed install_data
