-- Install configuration: ""
-- Up-to-date: /home/jiehuang/xiaoxbot/ros2/xiaox_ws/install/xiaox_bringup/share/xiaox_bringup/launch
-- Up-to-date: /home/jiehuang/xiaoxbot/ros2/xiaox_ws/install/xiaox_bringup/share/xiaox_bringup/launch/sim.launch.py
-- Installing: /home/jiehuang/xiaoxbot/ros2/xiaox_ws/install/xiaox_bringup/share/xiaox_bringup/launch/robot.launch.py
-- Up-to-date: /home/jiehuang/xiaoxbot/ros2/xiaox_ws/install/xiaox_bringup/share/xiaox_bringup/launch/xiaox_keyboard.py
-- Up-to-date: /home/jiehuang/xiaoxbot/ros2/xiaox_ws/install/xiaox_bringup/lib/xiaox_bringup/xiaox_keyboard.py
-- Up-to-date: /home/jiehuang/xiaoxbot/ros2/xiaox_ws/install/xiaox_bringup/share/ament_index/resource_index/package_run_dependencies/xiaox_bringup
-- Up-to-date: /home/jiehuang/xiaoxbot/ros2/xiaox_ws/install/xiaox_bringup/share/ament_index/resource_index/parent_prefix_path/xiaox_bringup
-- Up-to-date: /home/jiehuang/xiaoxbot/ros2/xiaox_ws/install/xiaox_bringup/share/xiaox_bringup/environment/ament_prefix_path.sh
-- Up-to-date: /home/jiehuang/xiaoxbot/ros2/xiaox_ws/install/xiaox_bringup/share/xiaox_bringup/environment/ament_prefix_path.dsv
-- Up-to-date: /home/jiehuang/xiaoxbot/ros2/xiaox_ws/install/xiaox_bringup/share/xiaox_bringup/environment/path.sh
-- Up-to-date: /home/jiehuang/xiaoxbot/ros2/xiaox_ws/install/xiaox_bringup/share/xiaox_bringup/environment/path.dsv
-- Up-to-date: /home/jiehuang/xiaoxbot/ros2/xiaox_ws/install/xiaox_bringup/share/xiaox_bringup/local_setup.bash
-- Up-to-date: /home/jiehuang/xiaoxbot/ros2/xiaox_ws/install/xiaox_bringup/share/xiaox_bringup/local_setup.sh
-- Up-to-date: /home/jiehuang/xiaoxbot/ros2/xiaox_ws/install/xiaox_bringup/share/xiaox_bringup/local_setup.zsh
-- Up-to-date: /home/jiehuang/xiaoxbot/ros2/xiaox_ws/install/xiaox_bringup/share/xiaox_bringup/local_setup.dsv
-- Up-to-date: /home/jiehuang/xiaoxbot/ros2/xiaox_ws/install/xiaox_bringup/share/xiaox_bringup/package.dsv
-- Up-to-date: /home/jiehuang/xiaoxbot/ros2/xiaox_ws/install/xiaox_bringup/share/ament_index/resource_index/packages/xiaox_bringup
-- Up-to-date: /home/jiehuang/xiaoxbot/ros2/xiaox_ws/install/xiaox_bringup/share/xiaox_bringup/cmake/xiaox_bringupConfig.cmake
-- Up-to-date: /home/jiehuang/xiaoxbot/ros2/xiaox_ws/install/xiaox_bringup/share/xiaox_bringup/cmake/xiaox_bringupConfig-version.cmake
-- Up-to-date: /home/jiehuang/xiaoxbot/ros2/xiaox_ws/install/xiaox_bringup/share/xiaox_bringup/package.xml
