[0.005s] Invoking command in '/home/jiehuang/xiaoxbot/ros2/xiaox_ws/build/xiaoxbot_moveit_config': AMENT_PREFIX_PATH=/home/jiehuang/xiaoxbot/ros2/xiaox_ws/install/xiaoxbot_description:/home/jiehuang/xiaoxbot/ros2/xiaox_ws/install/xiaoxbot_moveit_config:/home/jiehuang/xiaoxbot/ros2/xiaox_ws/install/xiaox_bringup:/home/jiehuang/xiaoxbot/ros2/xiaox_ws/install/xiaox_hardware:/home/jiehuang/xiaoxbot/ros2/xiaox_ws/install/xiaox_driver:/home/jiehuang/xiaoxbot/ros2/xiaox_ws/install/xiaox_interfaces:/home/jiehuang/xiaoxbot/ros2/xiaox_ws/install/xiaox_controllers:/opt/ros/humble CMAKE_PREFIX_PATH=${CMAKE_PREFIX_PATH}:/home/jiehuang/xiaoxbot/ros2/xiaox_ws/install/xiaoxbot_description:/home/jiehuang/xiaoxbot/ros2/xiaox_ws/install/xiaox_driver:/opt/ros/humble /opt/st/stm32cubeclt_1.17.0/CMake/bin/cmake /home/jiehuang/xiaoxbot/ros2/xiaox_ws/src/xiaoxbot_moveit_config -DCMAKE_INSTALL_PREFIX=/home/jiehuang/xiaoxbot/ros2/xiaox_ws/install/xiaoxbot_moveit_config
[0.033s] -- The C compiler identification is GNU 11.4.0
[0.065s] -- The CXX compiler identification is GNU 11.4.0
[0.075s] -- Detecting C compiler ABI info
[0.109s] -- Detecting C compiler ABI info - done
[0.121s] -- Check for working C compiler: /usr/bin/cc - skipped
[0.121s] -- Detecting C compile features
[0.122s] -- Detecting C compile features - done
[0.130s] -- Detecting CXX compiler ABI info
[0.178s] -- Detecting CXX compiler ABI info - done
[0.184s] -- Check for working CXX compiler: /usr/bin/c++ - skipped
[0.184s] -- Detecting CXX compile features
[0.184s] -- Detecting CXX compile features - done
[0.186s] -- Found ament_cmake: 1.3.13 (/opt/ros/humble/share/ament_cmake/cmake)
[0.264s] -- Found Python3: /usr/bin/python3 (found version "3.10.12") found components: Interpreter 
[0.343s] -- Configuring done (0.3s)
[0.344s] -- Generating done (0.0s)
[0.345s] -- Build files have been written to: /home/jiehuang/xiaoxbot/ros2/xiaox_ws/build/xiaoxbot_moveit_config
[0.347s] Invoked command in '/home/jiehuang/xiaoxbot/ros2/xiaox_ws/build/xiaoxbot_moveit_config' returned '0': AMENT_PREFIX_PATH=/home/jiehuang/xiaoxbot/ros2/xiaox_ws/install/xiaoxbot_description:/home/jiehuang/xiaoxbot/ros2/xiaox_ws/install/xiaoxbot_moveit_config:/home/jiehuang/xiaoxbot/ros2/xiaox_ws/install/xiaox_bringup:/home/jiehuang/xiaoxbot/ros2/xiaox_ws/install/xiaox_hardware:/home/jiehuang/xiaoxbot/ros2/xiaox_ws/install/xiaox_driver:/home/jiehuang/xiaoxbot/ros2/xiaox_ws/install/xiaox_interfaces:/home/jiehuang/xiaoxbot/ros2/xiaox_ws/install/xiaox_controllers:/opt/ros/humble CMAKE_PREFIX_PATH=${CMAKE_PREFIX_PATH}:/home/jiehuang/xiaoxbot/ros2/xiaox_ws/install/xiaoxbot_description:/home/jiehuang/xiaoxbot/ros2/xiaox_ws/install/xiaox_driver:/opt/ros/humble /opt/st/stm32cubeclt_1.17.0/CMake/bin/cmake /home/jiehuang/xiaoxbot/ros2/xiaox_ws/src/xiaoxbot_moveit_config -DCMAKE_INSTALL_PREFIX=/home/jiehuang/xiaoxbot/ros2/xiaox_ws/install/xiaoxbot_moveit_config
[0.348s] Invoking command in '/home/jiehuang/xiaoxbot/ros2/xiaox_ws/build/xiaoxbot_moveit_config': AMENT_PREFIX_PATH=/home/jiehuang/xiaoxbot/ros2/xiaox_ws/install/xiaoxbot_description:/home/jiehuang/xiaoxbot/ros2/xiaox_ws/install/xiaoxbot_moveit_config:/home/jiehuang/xiaoxbot/ros2/xiaox_ws/install/xiaox_bringup:/home/jiehuang/xiaoxbot/ros2/xiaox_ws/install/xiaox_hardware:/home/jiehuang/xiaoxbot/ros2/xiaox_ws/install/xiaox_driver:/home/jiehuang/xiaoxbot/ros2/xiaox_ws/install/xiaox_interfaces:/home/jiehuang/xiaoxbot/ros2/xiaox_ws/install/xiaox_controllers:/opt/ros/humble CMAKE_PREFIX_PATH=${CMAKE_PREFIX_PATH}:/home/jiehuang/xiaoxbot/ros2/xiaox_ws/install/xiaoxbot_description:/home/jiehuang/xiaoxbot/ros2/xiaox_ws/install/xiaox_driver:/opt/ros/humble /opt/st/stm32cubeclt_1.17.0/CMake/bin/cmake --build /home/jiehuang/xiaoxbot/ros2/xiaox_ws/build/xiaoxbot_moveit_config -- -j20 -l20
[0.356s] Invoked command in '/home/jiehuang/xiaoxbot/ros2/xiaox_ws/build/xiaoxbot_moveit_config' returned '0': AMENT_PREFIX_PATH=/home/jiehuang/xiaoxbot/ros2/xiaox_ws/install/xiaoxbot_description:/home/jiehuang/xiaoxbot/ros2/xiaox_ws/install/xiaoxbot_moveit_config:/home/jiehuang/xiaoxbot/ros2/xiaox_ws/install/xiaox_bringup:/home/jiehuang/xiaoxbot/ros2/xiaox_ws/install/xiaox_hardware:/home/jiehuang/xiaoxbot/ros2/xiaox_ws/install/xiaox_driver:/home/jiehuang/xiaoxbot/ros2/xiaox_ws/install/xiaox_interfaces:/home/jiehuang/xiaoxbot/ros2/xiaox_ws/install/xiaox_controllers:/opt/ros/humble CMAKE_PREFIX_PATH=${CMAKE_PREFIX_PATH}:/home/jiehuang/xiaoxbot/ros2/xiaox_ws/install/xiaoxbot_description:/home/jiehuang/xiaoxbot/ros2/xiaox_ws/install/xiaox_driver:/opt/ros/humble /opt/st/stm32cubeclt_1.17.0/CMake/bin/cmake --build /home/jiehuang/xiaoxbot/ros2/xiaox_ws/build/xiaoxbot_moveit_config -- -j20 -l20
[0.357s] Invoking command in '/home/jiehuang/xiaoxbot/ros2/xiaox_ws/build/xiaoxbot_moveit_config': AMENT_PREFIX_PATH=/home/jiehuang/xiaoxbot/ros2/xiaox_ws/install/xiaoxbot_description:/home/jiehuang/xiaoxbot/ros2/xiaox_ws/install/xiaoxbot_moveit_config:/home/jiehuang/xiaoxbot/ros2/xiaox_ws/install/xiaox_bringup:/home/jiehuang/xiaoxbot/ros2/xiaox_ws/install/xiaox_hardware:/home/jiehuang/xiaoxbot/ros2/xiaox_ws/install/xiaox_driver:/home/jiehuang/xiaoxbot/ros2/xiaox_ws/install/xiaox_interfaces:/home/jiehuang/xiaoxbot/ros2/xiaox_ws/install/xiaox_controllers:/opt/ros/humble CMAKE_PREFIX_PATH=${CMAKE_PREFIX_PATH}:/home/jiehuang/xiaoxbot/ros2/xiaox_ws/install/xiaoxbot_description:/home/jiehuang/xiaoxbot/ros2/xiaox_ws/install/xiaox_driver:/opt/ros/humble /opt/st/stm32cubeclt_1.17.0/CMake/bin/cmake --install /home/jiehuang/xiaoxbot/ros2/xiaox_ws/build/xiaoxbot_moveit_config
[0.358s] -- Install configuration: ""
[0.358s] -- Installing: /home/jiehuang/xiaoxbot/ros2/xiaox_ws/install/xiaoxbot_moveit_config/share/ament_index/resource_index/package_run_dependencies/xiaoxbot_moveit_config
[0.358s] -- Installing: /home/jiehuang/xiaoxbot/ros2/xiaox_ws/install/xiaoxbot_moveit_config/share/ament_index/resource_index/parent_prefix_path/xiaoxbot_moveit_config
[0.358s] -- Installing: /home/jiehuang/xiaoxbot/ros2/xiaox_ws/install/xiaoxbot_moveit_config/share/xiaoxbot_moveit_config/environment/ament_prefix_path.sh
[0.358s] -- Installing: /home/jiehuang/xiaoxbot/ros2/xiaox_ws/install/xiaoxbot_moveit_config/share/xiaoxbot_moveit_config/environment/ament_prefix_path.dsv
[0.358s] -- Installing: /home/jiehuang/xiaoxbot/ros2/xiaox_ws/install/xiaoxbot_moveit_config/share/xiaoxbot_moveit_config/environment/path.sh
[0.358s] -- Installing: /home/jiehuang/xiaoxbot/ros2/xiaox_ws/install/xiaoxbot_moveit_config/share/xiaoxbot_moveit_config/environment/path.dsv
[0.358s] -- Installing: /home/jiehuang/xiaoxbot/ros2/xiaox_ws/install/xiaoxbot_moveit_config/share/xiaoxbot_moveit_config/local_setup.bash
[0.358s] -- Installing: /home/jiehuang/xiaoxbot/ros2/xiaox_ws/install/xiaoxbot_moveit_config/share/xiaoxbot_moveit_config/local_setup.sh
[0.358s] -- Installing: /home/jiehuang/xiaoxbot/ros2/xiaox_ws/install/xiaoxbot_moveit_config/share/xiaoxbot_moveit_config/local_setup.zsh
[0.358s] -- Installing: /home/jiehuang/xiaoxbot/ros2/xiaox_ws/install/xiaoxbot_moveit_config/share/xiaoxbot_moveit_config/local_setup.dsv
[0.359s] -- Installing: /home/jiehuang/xiaoxbot/ros2/xiaox_ws/install/xiaoxbot_moveit_config/share/xiaoxbot_moveit_config/package.dsv
[0.359s] -- Installing: /home/jiehuang/xiaoxbot/ros2/xiaox_ws/install/xiaoxbot_moveit_config/share/ament_index/resource_index/packages/xiaoxbot_moveit_config
[0.359s] -- Installing: /home/jiehuang/xiaoxbot/ros2/xiaox_ws/install/xiaoxbot_moveit_config/share/xiaoxbot_moveit_config/cmake/xiaoxbot_moveit_configConfig.cmake
[0.359s] -- Installing: /home/jiehuang/xiaoxbot/ros2/xiaox_ws/install/xiaoxbot_moveit_config/share/xiaoxbot_moveit_config/cmake/xiaoxbot_moveit_configConfig-version.cmake
[0.359s] -- Installing: /home/jiehuang/xiaoxbot/ros2/xiaox_ws/install/xiaoxbot_moveit_config/share/xiaoxbot_moveit_config/package.xml
[0.359s] -- Installing: /home/jiehuang/xiaoxbot/ros2/xiaox_ws/install/xiaoxbot_moveit_config/share/xiaoxbot_moveit_config/launch
[0.359s] -- Installing: /home/jiehuang/xiaoxbot/ros2/xiaox_ws/install/xiaoxbot_moveit_config/share/xiaoxbot_moveit_config/launch/warehouse_db.launch.py
[0.359s] -- Installing: /home/jiehuang/xiaoxbot/ros2/xiaox_ws/install/xiaoxbot_moveit_config/share/xiaoxbot_moveit_config/launch/demo.launch.py
[0.359s] -- Installing: /home/jiehuang/xiaoxbot/ros2/xiaox_ws/install/xiaoxbot_moveit_config/share/xiaoxbot_moveit_config/launch/move_group.launch.py
[0.359s] -- Installing: /home/jiehuang/xiaoxbot/ros2/xiaox_ws/install/xiaoxbot_moveit_config/share/xiaoxbot_moveit_config/launch/setup_assistant.launch.py
[0.359s] -- Installing: /home/jiehuang/xiaoxbot/ros2/xiaox_ws/install/xiaoxbot_moveit_config/share/xiaoxbot_moveit_config/launch/rsp.launch.py
[0.359s] -- Installing: /home/jiehuang/xiaoxbot/ros2/xiaox_ws/install/xiaoxbot_moveit_config/share/xiaoxbot_moveit_config/launch/moveit_rviz.launch.py
[0.359s] -- Installing: /home/jiehuang/xiaoxbot/ros2/xiaox_ws/install/xiaoxbot_moveit_config/share/xiaoxbot_moveit_config/launch/spawn_controllers.launch.py
[0.359s] -- Installing: /home/jiehuang/xiaoxbot/ros2/xiaox_ws/install/xiaoxbot_moveit_config/share/xiaoxbot_moveit_config/launch/static_virtual_joint_tfs.launch.py
[0.359s] -- Installing: /home/jiehuang/xiaoxbot/ros2/xiaox_ws/install/xiaoxbot_moveit_config/share/xiaoxbot_moveit_config/config
[0.359s] -- Installing: /home/jiehuang/xiaoxbot/ros2/xiaox_ws/install/xiaoxbot_moveit_config/share/xiaoxbot_moveit_config/config/initial_positions.yaml
[0.359s] -- Installing: /home/jiehuang/xiaoxbot/ros2/xiaox_ws/install/xiaoxbot_moveit_config/share/xiaoxbot_moveit_config/config/moveit_controllers.yaml
[0.359s] -- Installing: /home/jiehuang/xiaoxbot/ros2/xiaox_ws/install/xiaoxbot_moveit_config/share/xiaoxbot_moveit_config/config/xiaoxbot_description.urdf.xacro
[0.359s] -- Installing: /home/jiehuang/xiaoxbot/ros2/xiaox_ws/install/xiaoxbot_moveit_config/share/xiaoxbot_moveit_config/config/ros2_controllers.yaml
[0.359s] -- Installing: /home/jiehuang/xiaoxbot/ros2/xiaox_ws/install/xiaoxbot_moveit_config/share/xiaoxbot_moveit_config/config/xiaoxbot_description.srdf
[0.359s] -- Installing: /home/jiehuang/xiaoxbot/ros2/xiaox_ws/install/xiaoxbot_moveit_config/share/xiaoxbot_moveit_config/config/kinematics.yaml
[0.359s] -- Installing: /home/jiehuang/xiaoxbot/ros2/xiaox_ws/install/xiaoxbot_moveit_config/share/xiaoxbot_moveit_config/config/moveit.rviz
[0.359s] -- Installing: /home/jiehuang/xiaoxbot/ros2/xiaox_ws/install/xiaoxbot_moveit_config/share/xiaoxbot_moveit_config/config/joint_limits.yaml
[0.359s] -- Installing: /home/jiehuang/xiaoxbot/ros2/xiaox_ws/install/xiaoxbot_moveit_config/share/xiaoxbot_moveit_config/config/xiaoxbot_description.ros2_control.xacro
[0.359s] -- Installing: /home/jiehuang/xiaoxbot/ros2/xiaox_ws/install/xiaoxbot_moveit_config/share/xiaoxbot_moveit_config/config/pilz_cartesian_limits.yaml
[0.359s] -- Installing: /home/jiehuang/xiaoxbot/ros2/xiaox_ws/install/xiaoxbot_moveit_config/share/xiaoxbot_moveit_config/.setup_assistant
[0.360s] Invoked command in '/home/jiehuang/xiaoxbot/ros2/xiaox_ws/build/xiaoxbot_moveit_config' returned '0': AMENT_PREFIX_PATH=/home/jiehuang/xiaoxbot/ros2/xiaox_ws/install/xiaoxbot_description:/home/jiehuang/xiaoxbot/ros2/xiaox_ws/install/xiaoxbot_moveit_config:/home/jiehuang/xiaoxbot/ros2/xiaox_ws/install/xiaox_bringup:/home/jiehuang/xiaoxbot/ros2/xiaox_ws/install/xiaox_hardware:/home/jiehuang/xiaoxbot/ros2/xiaox_ws/install/xiaox_driver:/home/jiehuang/xiaoxbot/ros2/xiaox_ws/install/xiaox_interfaces:/home/jiehuang/xiaoxbot/ros2/xiaox_ws/install/xiaox_controllers:/opt/ros/humble CMAKE_PREFIX_PATH=${CMAKE_PREFIX_PATH}:/home/jiehuang/xiaoxbot/ros2/xiaox_ws/install/xiaoxbot_description:/home/jiehuang/xiaoxbot/ros2/xiaox_ws/install/xiaox_driver:/opt/ros/humble /opt/st/stm32cubeclt_1.17.0/CMake/bin/cmake --install /home/jiehuang/xiaoxbot/ros2/xiaox_ws/build/xiaoxbot_moveit_config
