[0.013s] Invoking command in '/home/jiehuang/xiaoxbot/ros2/xiaox_ws/build/xiaox_bringup': AMENT_PREFIX_PATH=/home/jiehuang/xiaoxbot/ros2/xiaox_ws/install/xiaox_driver:/home/jiehuang/xiaoxbot/ros2/xiaox_ws/install/xiaoxbot_moveit_config:/home/jiehuang/xiaoxbot/ros2/xiaox_ws/install/xiaoxbot_description:/home/jiehuang/xiaoxbot/ros2/xiaox_ws/install/xiaox_bringup:/home/jiehuang/xiaoxbot/ros2/xiaox_ws/install/xiaox_hardware:/home/jiehuang/xiaoxbot/ros2/xiaox_ws/install/xiaox_interfaces:/home/jiehuang/xiaoxbot/ros2/xiaox_ws/install/xiaox_controllers:/opt/ros/humble CMAKE_PREFIX_PATH=/home/jiehuang/xiaoxbot/ros2/xiaox_ws/install/xiaox_hardware:/home/jiehuang/xiaoxbot/ros2/xiaox_ws/install/xiaox_interfaces:/home/jiehuang/xiaoxbot/ros2/xiaox_ws/install/xiaox_controllers:/home/jiehuang/xiaoxbot/ros2/xiaox_ws/install/xiaoxbot_moveit_config:/home/jiehuang/xiaoxbot/ros2/xiaox_ws/install/xiaox_bringup:/home/jiehuang/xiaoxbot/ros2/xiaox_ws/install/xiaoxbot_description:/home/jiehuang/xiaoxbot/ros2/xiaox_ws/install/xiaox_driver:/opt/ros/humble PYTHONPATH=/home/jiehuang/xiaoxbot/ros2/xiaox_ws/install/xiaox_driver/lib/python3.10/site-packages:/home/jiehuang/xiaoxbot/ros2/xiaox_ws/install/xiaoxbot_description/lib/python3.10/site-packages:/home/jiehuang/xiaoxbot/ros2/xiaox_ws/install/xiaox_interfaces/local/lib/python3.10/dist-packages:/opt/ros/humble/lib/python3.10/site-packages:/opt/ros/humble/local/lib/python3.10/dist-packages /opt/st/stm32cubeclt_1.17.0/CMake/bin/cmake /home/jiehuang/xiaoxbot/ros2/xiaox_ws/src/xiaox_bringup -DCMAKE_INSTALL_PREFIX=/home/jiehuang/xiaoxbot/ros2/xiaox_ws/install/xiaox_bringup
[0.071s] -- The C compiler identification is GNU 11.4.0
[0.119s] -- The CXX compiler identification is GNU 11.4.0
[0.136s] -- Detecting C compiler ABI info
[0.253s] -- Detecting C compiler ABI info - done
[0.266s] -- Check for working C compiler: /usr/bin/cc - skipped
[0.266s] -- Detecting C compile features
[0.266s] -- Detecting C compile features - done
[0.274s] -- Detecting CXX compiler ABI info
[0.372s] -- Detecting CXX compiler ABI info - done
[0.381s] -- Check for working CXX compiler: /usr/bin/c++ - skipped
[0.381s] -- Detecting CXX compile features
[0.382s] -- Detecting CXX compile features - done
[0.384s] -- Found ament_cmake: 1.3.13 (/opt/ros/humble/share/ament_cmake/cmake)
[0.479s] -- Found Python3: /usr/bin/python3 (found version "3.10.12") found components: Interpreter 
[0.563s] -- Configuring done (0.5s)
[0.564s] -- Generating done (0.0s)
[0.564s] -- Build files have been written to: /home/jiehuang/xiaoxbot/ros2/xiaox_ws/build/xiaox_bringup
[0.567s] Invoked command in '/home/jiehuang/xiaoxbot/ros2/xiaox_ws/build/xiaox_bringup' returned '0': AMENT_PREFIX_PATH=/home/jiehuang/xiaoxbot/ros2/xiaox_ws/install/xiaox_driver:/home/jiehuang/xiaoxbot/ros2/xiaox_ws/install/xiaoxbot_moveit_config:/home/jiehuang/xiaoxbot/ros2/xiaox_ws/install/xiaoxbot_description:/home/jiehuang/xiaoxbot/ros2/xiaox_ws/install/xiaox_bringup:/home/jiehuang/xiaoxbot/ros2/xiaox_ws/install/xiaox_hardware:/home/jiehuang/xiaoxbot/ros2/xiaox_ws/install/xiaox_interfaces:/home/jiehuang/xiaoxbot/ros2/xiaox_ws/install/xiaox_controllers:/opt/ros/humble CMAKE_PREFIX_PATH=/home/jiehuang/xiaoxbot/ros2/xiaox_ws/install/xiaox_hardware:/home/jiehuang/xiaoxbot/ros2/xiaox_ws/install/xiaox_interfaces:/home/jiehuang/xiaoxbot/ros2/xiaox_ws/install/xiaox_controllers:/home/jiehuang/xiaoxbot/ros2/xiaox_ws/install/xiaoxbot_moveit_config:/home/jiehuang/xiaoxbot/ros2/xiaox_ws/install/xiaox_bringup:/home/jiehuang/xiaoxbot/ros2/xiaox_ws/install/xiaoxbot_description:/home/jiehuang/xiaoxbot/ros2/xiaox_ws/install/xiaox_driver:/opt/ros/humble PYTHONPATH=/home/jiehuang/xiaoxbot/ros2/xiaox_ws/install/xiaox_driver/lib/python3.10/site-packages:/home/jiehuang/xiaoxbot/ros2/xiaox_ws/install/xiaoxbot_description/lib/python3.10/site-packages:/home/jiehuang/xiaoxbot/ros2/xiaox_ws/install/xiaox_interfaces/local/lib/python3.10/dist-packages:/opt/ros/humble/lib/python3.10/site-packages:/opt/ros/humble/local/lib/python3.10/dist-packages /opt/st/stm32cubeclt_1.17.0/CMake/bin/cmake /home/jiehuang/xiaoxbot/ros2/xiaox_ws/src/xiaox_bringup -DCMAKE_INSTALL_PREFIX=/home/jiehuang/xiaoxbot/ros2/xiaox_ws/install/xiaox_bringup
[0.567s] Invoking command in '/home/jiehuang/xiaoxbot/ros2/xiaox_ws/build/xiaox_bringup': AMENT_PREFIX_PATH=/home/jiehuang/xiaoxbot/ros2/xiaox_ws/install/xiaox_driver:/home/jiehuang/xiaoxbot/ros2/xiaox_ws/install/xiaoxbot_moveit_config:/home/jiehuang/xiaoxbot/ros2/xiaox_ws/install/xiaoxbot_description:/home/jiehuang/xiaoxbot/ros2/xiaox_ws/install/xiaox_bringup:/home/jiehuang/xiaoxbot/ros2/xiaox_ws/install/xiaox_hardware:/home/jiehuang/xiaoxbot/ros2/xiaox_ws/install/xiaox_interfaces:/home/jiehuang/xiaoxbot/ros2/xiaox_ws/install/xiaox_controllers:/opt/ros/humble CMAKE_PREFIX_PATH=/home/jiehuang/xiaoxbot/ros2/xiaox_ws/install/xiaox_hardware:/home/jiehuang/xiaoxbot/ros2/xiaox_ws/install/xiaox_interfaces:/home/jiehuang/xiaoxbot/ros2/xiaox_ws/install/xiaox_controllers:/home/jiehuang/xiaoxbot/ros2/xiaox_ws/install/xiaoxbot_moveit_config:/home/jiehuang/xiaoxbot/ros2/xiaox_ws/install/xiaox_bringup:/home/jiehuang/xiaoxbot/ros2/xiaox_ws/install/xiaoxbot_description:/home/jiehuang/xiaoxbot/ros2/xiaox_ws/install/xiaox_driver:/opt/ros/humble PYTHONPATH=/home/jiehuang/xiaoxbot/ros2/xiaox_ws/install/xiaox_driver/lib/python3.10/site-packages:/home/jiehuang/xiaoxbot/ros2/xiaox_ws/install/xiaoxbot_description/lib/python3.10/site-packages:/home/jiehuang/xiaoxbot/ros2/xiaox_ws/install/xiaox_interfaces/local/lib/python3.10/dist-packages:/opt/ros/humble/lib/python3.10/site-packages:/opt/ros/humble/local/lib/python3.10/dist-packages /opt/st/stm32cubeclt_1.17.0/CMake/bin/cmake --build /home/jiehuang/xiaoxbot/ros2/xiaox_ws/build/xiaox_bringup -- -j20 -l20
[0.576s] Invoked command in '/home/jiehuang/xiaoxbot/ros2/xiaox_ws/build/xiaox_bringup' returned '0': AMENT_PREFIX_PATH=/home/jiehuang/xiaoxbot/ros2/xiaox_ws/install/xiaox_driver:/home/jiehuang/xiaoxbot/ros2/xiaox_ws/install/xiaoxbot_moveit_config:/home/jiehuang/xiaoxbot/ros2/xiaox_ws/install/xiaoxbot_description:/home/jiehuang/xiaoxbot/ros2/xiaox_ws/install/xiaox_bringup:/home/jiehuang/xiaoxbot/ros2/xiaox_ws/install/xiaox_hardware:/home/jiehuang/xiaoxbot/ros2/xiaox_ws/install/xiaox_interfaces:/home/jiehuang/xiaoxbot/ros2/xiaox_ws/install/xiaox_controllers:/opt/ros/humble CMAKE_PREFIX_PATH=/home/jiehuang/xiaoxbot/ros2/xiaox_ws/install/xiaox_hardware:/home/jiehuang/xiaoxbot/ros2/xiaox_ws/install/xiaox_interfaces:/home/jiehuang/xiaoxbot/ros2/xiaox_ws/install/xiaox_controllers:/home/jiehuang/xiaoxbot/ros2/xiaox_ws/install/xiaoxbot_moveit_config:/home/jiehuang/xiaoxbot/ros2/xiaox_ws/install/xiaox_bringup:/home/jiehuang/xiaoxbot/ros2/xiaox_ws/install/xiaoxbot_description:/home/jiehuang/xiaoxbot/ros2/xiaox_ws/install/xiaox_driver:/opt/ros/humble PYTHONPATH=/home/jiehuang/xiaoxbot/ros2/xiaox_ws/install/xiaox_driver/lib/python3.10/site-packages:/home/jiehuang/xiaoxbot/ros2/xiaox_ws/install/xiaoxbot_description/lib/python3.10/site-packages:/home/jiehuang/xiaoxbot/ros2/xiaox_ws/install/xiaox_interfaces/local/lib/python3.10/dist-packages:/opt/ros/humble/lib/python3.10/site-packages:/opt/ros/humble/local/lib/python3.10/dist-packages /opt/st/stm32cubeclt_1.17.0/CMake/bin/cmake --build /home/jiehuang/xiaoxbot/ros2/xiaox_ws/build/xiaox_bringup -- -j20 -l20
[0.576s] Invoking command in '/home/jiehuang/xiaoxbot/ros2/xiaox_ws/build/xiaox_bringup': AMENT_PREFIX_PATH=/home/jiehuang/xiaoxbot/ros2/xiaox_ws/install/xiaox_driver:/home/jiehuang/xiaoxbot/ros2/xiaox_ws/install/xiaoxbot_moveit_config:/home/jiehuang/xiaoxbot/ros2/xiaox_ws/install/xiaoxbot_description:/home/jiehuang/xiaoxbot/ros2/xiaox_ws/install/xiaox_bringup:/home/jiehuang/xiaoxbot/ros2/xiaox_ws/install/xiaox_hardware:/home/jiehuang/xiaoxbot/ros2/xiaox_ws/install/xiaox_interfaces:/home/jiehuang/xiaoxbot/ros2/xiaox_ws/install/xiaox_controllers:/opt/ros/humble CMAKE_PREFIX_PATH=/home/jiehuang/xiaoxbot/ros2/xiaox_ws/install/xiaox_hardware:/home/jiehuang/xiaoxbot/ros2/xiaox_ws/install/xiaox_interfaces:/home/jiehuang/xiaoxbot/ros2/xiaox_ws/install/xiaox_controllers:/home/jiehuang/xiaoxbot/ros2/xiaox_ws/install/xiaoxbot_moveit_config:/home/jiehuang/xiaoxbot/ros2/xiaox_ws/install/xiaox_bringup:/home/jiehuang/xiaoxbot/ros2/xiaox_ws/install/xiaoxbot_description:/home/jiehuang/xiaoxbot/ros2/xiaox_ws/install/xiaox_driver:/opt/ros/humble PYTHONPATH=/home/jiehuang/xiaoxbot/ros2/xiaox_ws/install/xiaox_driver/lib/python3.10/site-packages:/home/jiehuang/xiaoxbot/ros2/xiaox_ws/install/xiaoxbot_description/lib/python3.10/site-packages:/home/jiehuang/xiaoxbot/ros2/xiaox_ws/install/xiaox_interfaces/local/lib/python3.10/dist-packages:/opt/ros/humble/lib/python3.10/site-packages:/opt/ros/humble/local/lib/python3.10/dist-packages /opt/st/stm32cubeclt_1.17.0/CMake/bin/cmake --install /home/jiehuang/xiaoxbot/ros2/xiaox_ws/build/xiaox_bringup
[0.578s] -- Install configuration: ""
[0.578s] -- Installing: /home/jiehuang/xiaoxbot/ros2/xiaox_ws/install/xiaox_bringup/share/xiaox_bringup/launch
[0.578s] -- Installing: /home/jiehuang/xiaoxbot/ros2/xiaox_ws/install/xiaox_bringup/share/xiaox_bringup/launch/sim.launch.py
[0.578s] -- Installing: /home/jiehuang/xiaoxbot/ros2/xiaox_ws/install/xiaox_bringup/share/xiaox_bringup/launch/robot.launch.py
[0.578s] -- Installing: /home/jiehuang/xiaoxbot/ros2/xiaox_ws/install/xiaox_bringup/share/xiaox_bringup/launch/xiaox_keyboard.py
[0.578s] -- Installing: /home/jiehuang/xiaoxbot/ros2/xiaox_ws/install/xiaox_bringup/lib/xiaox_bringup/xiaox_keyboard.py
[0.578s] -- Installing: /home/jiehuang/xiaoxbot/ros2/xiaox_ws/install/xiaox_bringup/share/ament_index/resource_index/package_run_dependencies/xiaox_bringup
[0.578s] -- Installing: /home/jiehuang/xiaoxbot/ros2/xiaox_ws/install/xiaox_bringup/share/ament_index/resource_index/parent_prefix_path/xiaox_bringup
[0.578s] -- Installing: /home/jiehuang/xiaoxbot/ros2/xiaox_ws/install/xiaox_bringup/share/xiaox_bringup/environment/ament_prefix_path.sh
[0.578s] -- Installing: /home/jiehuang/xiaoxbot/ros2/xiaox_ws/install/xiaox_bringup/share/xiaox_bringup/environment/ament_prefix_path.dsv
[0.578s] -- Installing: /home/jiehuang/xiaoxbot/ros2/xiaox_ws/install/xiaox_bringup/share/xiaox_bringup/environment/path.sh
[0.578s] -- Installing: /home/jiehuang/xiaoxbot/ros2/xiaox_ws/install/xiaox_bringup/share/xiaox_bringup/environment/path.dsv
[0.578s] -- Installing: /home/jiehuang/xiaoxbot/ros2/xiaox_ws/install/xiaox_bringup/share/xiaox_bringup/local_setup.bash
[0.578s] -- Installing: /home/jiehuang/xiaoxbot/ros2/xiaox_ws/install/xiaox_bringup/share/xiaox_bringup/local_setup.sh
[0.578s] -- Installing: /home/jiehuang/xiaoxbot/ros2/xiaox_ws/install/xiaox_bringup/share/xiaox_bringup/local_setup.zsh
[0.578s] -- Installing: /home/jiehuang/xiaoxbot/ros2/xiaox_ws/install/xiaox_bringup/share/xiaox_bringup/local_setup.dsv
[0.578s] -- Installing: /home/jiehuang/xiaoxbot/ros2/xiaox_ws/install/xiaox_bringup/share/xiaox_bringup/package.dsv
[0.578s] -- Installing: /home/jiehuang/xiaoxbot/ros2/xiaox_ws/install/xiaox_bringup/share/ament_index/resource_index/packages/xiaox_bringup
[0.579s] -- Installing: /home/jiehuang/xiaoxbot/ros2/xiaox_ws/install/xiaox_bringup/share/xiaox_bringup/cmake/xiaox_bringupConfig.cmake
[0.579s] -- Installing: /home/jiehuang/xiaoxbot/ros2/xiaox_ws/install/xiaox_bringup/share/xiaox_bringup/cmake/xiaox_bringupConfig-version.cmake
[0.579s] -- Installing: /home/jiehuang/xiaoxbot/ros2/xiaox_ws/install/xiaox_bringup/share/xiaox_bringup/package.xml
[0.579s] Invoked command in '/home/jiehuang/xiaoxbot/ros2/xiaox_ws/build/xiaox_bringup' returned '0': AMENT_PREFIX_PATH=/home/jiehuang/xiaoxbot/ros2/xiaox_ws/install/xiaox_driver:/home/jiehuang/xiaoxbot/ros2/xiaox_ws/install/xiaoxbot_moveit_config:/home/jiehuang/xiaoxbot/ros2/xiaox_ws/install/xiaoxbot_description:/home/jiehuang/xiaoxbot/ros2/xiaox_ws/install/xiaox_bringup:/home/jiehuang/xiaoxbot/ros2/xiaox_ws/install/xiaox_hardware:/home/jiehuang/xiaoxbot/ros2/xiaox_ws/install/xiaox_interfaces:/home/jiehuang/xiaoxbot/ros2/xiaox_ws/install/xiaox_controllers:/opt/ros/humble CMAKE_PREFIX_PATH=/home/jiehuang/xiaoxbot/ros2/xiaox_ws/install/xiaox_hardware:/home/jiehuang/xiaoxbot/ros2/xiaox_ws/install/xiaox_interfaces:/home/jiehuang/xiaoxbot/ros2/xiaox_ws/install/xiaox_controllers:/home/jiehuang/xiaoxbot/ros2/xiaox_ws/install/xiaoxbot_moveit_config:/home/jiehuang/xiaoxbot/ros2/xiaox_ws/install/xiaox_bringup:/home/jiehuang/xiaoxbot/ros2/xiaox_ws/install/xiaoxbot_description:/home/jiehuang/xiaoxbot/ros2/xiaox_ws/install/xiaox_driver:/opt/ros/humble PYTHONPATH=/home/jiehuang/xiaoxbot/ros2/xiaox_ws/install/xiaox_driver/lib/python3.10/site-packages:/home/jiehuang/xiaoxbot/ros2/xiaox_ws/install/xiaoxbot_description/lib/python3.10/site-packages:/home/jiehuang/xiaoxbot/ros2/xiaox_ws/install/xiaox_interfaces/local/lib/python3.10/dist-packages:/opt/ros/humble/lib/python3.10/site-packages:/opt/ros/humble/local/lib/python3.10/dist-packages /opt/st/stm32cubeclt_1.17.0/CMake/bin/cmake --install /home/jiehuang/xiaoxbot/ros2/xiaox_ws/build/xiaox_bringup
