-- The C compiler identification is GNU 11.4.0
-- The CXX compiler identification is GNU 11.4.0
-- Detecting C compiler ABI info
-- Detecting C compiler ABI info - done
-- Check for working C compiler: /usr/bin/cc - skipped
-- Detecting C compile features
-- Detecting C compile features - done
-- Detecting CXX compiler ABI info
-- Detecting CXX compiler ABI info - done
-- Check for working CXX compiler: /usr/bin/c++ - skipped
-- Detecting CXX compile features
-- Detecting CXX compile features - done
-- Found ament_cmake: 1.3.13 (/opt/ros/humble/share/ament_cmake/cmake)
-- Found Python3: /usr/bin/python3 (found version "3.10.12") found components: Interpreter 
-- Found controller_manager: 2.53.1 (/opt/ros/humble/share/controller_manager/cmake)
-- Found rosidl_generator_c: 3.1.8 (/opt/ros/humble/share/rosidl_generator_c/cmake)
-- Found rosidl_adapter: 3.1.8 (/opt/ros/humble/share/rosidl_adapter/cmake)
-- Found rosidl_generator_cpp: 3.1.8 (/opt/ros/humble/share/rosidl_generator_cpp/cmake)
-- Using all available rosidl_typesupport_c: rosidl_typesupport_fastrtps_c;rosidl_typesupport_introspection_c
-- Using all available rosidl_typesupport_cpp: rosidl_typesupport_fastrtps_cpp;rosidl_typesupport_introspection_cpp
-- Found rmw_implementation_cmake: 6.1.2 (/opt/ros/humble/share/rmw_implementation_cmake/cmake)
-- Found rmw_fastrtps_cpp: 6.2.10 (/opt/ros/humble/share/rmw_fastrtps_cpp/cmake)
-- Found TinyXML2 via Config file: TinyXML2_DIR-NOTFOUND
-- Found OpenSSL: /usr/lib/x86_64-linux-gnu/libcrypto.so (found version "3.0.2")  
-- Found TinyXML2 via Config file: TinyXML2_DIR-NOTFOUND
-- Found FastRTPS: /opt/ros/humble/include  
-- Found TinyXML2 via Config file: TinyXML2_DIR-NOTFOUND
-- Found TinyXML2 via Config file: TinyXML2_DIR-NOTFOUND
-- Using RMW implementation 'rmw_fastrtps_cpp' as default
-- Performing Test CMAKE_HAVE_LIBC_PTHREAD
-- Performing Test CMAKE_HAVE_LIBC_PTHREAD - Success
-- Found Threads: TRUE  
-- Found xiaox_interfaces: 0.1.0 (/home/jiehuang/xiaoxbot/ros2/xiaox_ws/install/xiaox_interfaces/share/xiaox_interfaces/cmake)
-- Configuring done (0.8s)
-- Generating done (0.0s)
-- Build files have been written to: /home/jiehuang/xiaoxbot/ros2/xiaox_ws/build/xiaox_hardware
[ 50%] [32mBuilding CXX object CMakeFiles/xiaox_hardware.dir/src/xiaox_hardware.cpp.o[0m
[100%] [32m[1mLinking CXX shared library libxiaox_hardware.so[0m
[100%] Built target xiaox_hardware
-- Install configuration: ""
-- Installing: /home/jiehuang/xiaoxbot/ros2/xiaox_ws/install/xiaox_hardware/share/xiaox_hardware/xiaox_hardware.xml
-- Installing: /home/jiehuang/xiaoxbot/ros2/xiaox_ws/install/xiaox_hardware/lib/libxiaox_hardware.so
-- Set non-toolchain portion of runtime path of "/home/jiehuang/xiaoxbot/ros2/xiaox_ws/install/xiaox_hardware/lib/libxiaox_hardware.so" to ""
-- Installing: /home/jiehuang/xiaoxbot/ros2/xiaox_ws/install/xiaox_hardware/include
-- Installing: /home/jiehuang/xiaoxbot/ros2/xiaox_ws/install/xiaox_hardware/include/xiaox_hardware
-- Installing: /home/jiehuang/xiaoxbot/ros2/xiaox_ws/install/xiaox_hardware/include/xiaox_hardware/xiaox_hardware.hpp
-- Up-to-date: /home/jiehuang/xiaoxbot/ros2/xiaox_ws/install/xiaox_hardware/share/xiaox_hardware/xiaox_hardware.xml
-- Installing: /home/jiehuang/xiaoxbot/ros2/xiaox_ws/install/xiaox_hardware/share/xiaox_hardware/environment/library_path.sh
-- Installing: /home/jiehuang/xiaoxbot/ros2/xiaox_ws/install/xiaox_hardware/share/xiaox_hardware/environment/library_path.dsv
-- Installing: /home/jiehuang/xiaoxbot/ros2/xiaox_ws/install/xiaox_hardware/share/ament_index/resource_index/package_run_dependencies/xiaox_hardware
-- Installing: /home/jiehuang/xiaoxbot/ros2/xiaox_ws/install/xiaox_hardware/share/ament_index/resource_index/parent_prefix_path/xiaox_hardware
-- Installing: /home/jiehuang/xiaoxbot/ros2/xiaox_ws/install/xiaox_hardware/share/xiaox_hardware/environment/ament_prefix_path.sh
-- Installing: /home/jiehuang/xiaoxbot/ros2/xiaox_ws/install/xiaox_hardware/share/xiaox_hardware/environment/ament_prefix_path.dsv
-- Installing: /home/jiehuang/xiaoxbot/ros2/xiaox_ws/install/xiaox_hardware/share/xiaox_hardware/environment/path.sh
-- Installing: /home/jiehuang/xiaoxbot/ros2/xiaox_ws/install/xiaox_hardware/share/xiaox_hardware/environment/path.dsv
-- Installing: /home/jiehuang/xiaoxbot/ros2/xiaox_ws/install/xiaox_hardware/share/xiaox_hardware/local_setup.bash
-- Installing: /home/jiehuang/xiaoxbot/ros2/xiaox_ws/install/xiaox_hardware/share/xiaox_hardware/local_setup.sh
-- Installing: /home/jiehuang/xiaoxbot/ros2/xiaox_ws/install/xiaox_hardware/share/xiaox_hardware/local_setup.zsh
-- Installing: /home/jiehuang/xiaoxbot/ros2/xiaox_ws/install/xiaox_hardware/share/xiaox_hardware/local_setup.dsv
-- Installing: /home/jiehuang/xiaoxbot/ros2/xiaox_ws/install/xiaox_hardware/share/xiaox_hardware/package.dsv
-- Installing: /home/jiehuang/xiaoxbot/ros2/xiaox_ws/install/xiaox_hardware/share/ament_index/resource_index/packages/xiaox_hardware
-- Installing: /home/jiehuang/xiaoxbot/ros2/xiaox_ws/install/xiaox_hardware/share/ament_index/resource_index/hardware_interface__pluginlib__plugin/xiaox_hardware
-- Installing: /home/jiehuang/xiaoxbot/ros2/xiaox_ws/install/xiaox_hardware/share/xiaox_hardware/cmake/ament_cmake_export_include_directories-extras.cmake
-- Installing: /home/jiehuang/xiaoxbot/ros2/xiaox_ws/install/xiaox_hardware/share/xiaox_hardware/cmake/ament_cmake_export_libraries-extras.cmake
-- Installing: /home/jiehuang/xiaoxbot/ros2/xiaox_ws/install/xiaox_hardware/share/xiaox_hardware/cmake/ament_cmake_export_dependencies-extras.cmake
-- Installing: /home/jiehuang/xiaoxbot/ros2/xiaox_ws/install/xiaox_hardware/share/xiaox_hardware/cmake/xiaox_hardwareConfig.cmake
-- Installing: /home/jiehuang/xiaoxbot/ros2/xiaox_ws/install/xiaox_hardware/share/xiaox_hardware/cmake/xiaox_hardwareConfig-version.cmake
-- Installing: /home/jiehuang/xiaoxbot/ros2/xiaox_ws/install/xiaox_hardware/share/xiaox_hardware/package.xml
