[0.125s] Invoking command in '/home/jiehuang/xiaoxbot/ros2/xiaox_ws/build/xiaox_hardware': CMAKE_PREFIX_PATH=/home/jiehuang/xiaoxbot/ros2/xiaox_ws/install/xiaox_interfaces:/home/jiehuang/xiaoxbot/ros2/xiaox_ws/install/xiaoxbot_moveit_config:/home/jiehuang/xiaoxbot/ros2/xiaox_ws/install/xiaox_bringup:/home/jiehuang/xiaoxbot/ros2/xiaox_ws/install/xiaox_hardware:/home/jiehuang/xiaoxbot/ros2/xiaox_ws/install/xiaox_controllers:/home/jiehuang/xiaoxbot/ros2/xiaox_ws/install/xiaoxbot_description:/home/jiehuang/xiaoxbot/ros2/xiaox_ws/install/xiaox_driver:/opt/ros/humble LD_LIBRARY_PATH=/home/jiehuang/xiaoxbot/ros2/xiaox_ws/install/xiaox_interfaces/lib:/home/jiehuang/xiaoxbot/ros2/xiaox_ws/install/xiaox_hardware/lib:/usr/lib/x86_64-linux-gnu/gazebo-11/plugins:/opt/ros/humble/opt/rviz_ogre_vendor/lib:/opt/ros/humble/lib/x86_64-linux-gnu:/opt/ros/humble/lib:/usr/local/cuda-12.5/lib64:/home/jiehuang/.mujoco/mujoco-3.4.0/bin /opt/st/stm32cubeclt_1.17.0/CMake/bin/cmake /home/jiehuang/xiaoxbot/ros2/xiaox_ws/src/xiaox_hardware -DCMAKE_INSTALL_PREFIX=/home/jiehuang/xiaoxbot/ros2/xiaox_ws/install/xiaox_hardware
[0.156s] -- The C compiler identification is GNU 11.4.0
[0.184s] -- The CXX compiler identification is GNU 11.4.0
[0.194s] -- Detecting C compiler ABI info
[0.230s] -- Detecting C compiler ABI info - done
[0.238s] -- Check for working C compiler: /usr/bin/cc - skipped
[0.238s] -- Detecting C compile features
[0.238s] -- Detecting C compile features - done
[0.244s] -- Detecting CXX compiler ABI info
[0.284s] -- Detecting CXX compiler ABI info - done
[0.290s] -- Check for working CXX compiler: /usr/bin/c++ - skipped
[0.290s] -- Detecting CXX compile features
[0.290s] -- Detecting CXX compile features - done
[0.292s] -- Found ament_cmake: 1.3.13 (/opt/ros/humble/share/ament_cmake/cmake)
[0.364s] -- Found Python3: /usr/bin/python3 (found version "3.10.12") found components: Interpreter 
[0.415s] -- Found controller_manager: 2.53.1 (/opt/ros/humble/share/controller_manager/cmake)
[0.445s] -- Found rosidl_generator_c: 3.1.8 (/opt/ros/humble/share/rosidl_generator_c/cmake)
[0.449s] -- Found rosidl_adapter: 3.1.8 (/opt/ros/humble/share/rosidl_adapter/cmake)
[0.454s] -- Found rosidl_generator_cpp: 3.1.8 (/opt/ros/humble/share/rosidl_generator_cpp/cmake)
[0.462s] -- Using all available rosidl_typesupport_c: rosidl_typesupport_fastrtps_c;rosidl_typesupport_introspection_c
[0.473s] -- Using all available rosidl_typesupport_cpp: rosidl_typesupport_fastrtps_cpp;rosidl_typesupport_introspection_cpp
[0.612s] -- Found rmw_implementation_cmake: 6.1.2 (/opt/ros/humble/share/rmw_implementation_cmake/cmake)
[0.613s] -- Found rmw_fastrtps_cpp: 6.2.10 (/opt/ros/humble/share/rmw_fastrtps_cpp/cmake)
[0.630s] -- Found TinyXML2 via Config file: TinyXML2_DIR-NOTFOUND
[0.669s] -- Found OpenSSL: /usr/lib/x86_64-linux-gnu/libcrypto.so (found version "3.0.2")  
[0.672s] -- Found TinyXML2 via Config file: TinyXML2_DIR-NOTFOUND
[0.689s] -- Found FastRTPS: /opt/ros/humble/include  
[0.691s] -- Found TinyXML2 via Config file: TinyXML2_DIR-NOTFOUND
[0.698s] -- Found TinyXML2 via Config file: TinyXML2_DIR-NOTFOUND
[0.709s] -- Using RMW implementation 'rmw_fastrtps_cpp' as default
[0.715s] -- Performing Test CMAKE_HAVE_LIBC_PTHREAD
[0.764s] -- Performing Test CMAKE_HAVE_LIBC_PTHREAD - Success
[0.765s] -- Found Threads: TRUE  
[0.839s] -- Found xiaox_interfaces: 0.1.0 (/home/jiehuang/xiaoxbot/ros2/xiaox_ws/install/xiaox_interfaces/share/xiaox_interfaces/cmake)
[0.878s] -- Configuring done (0.8s)
[0.886s] -- Generating done (0.0s)
[0.888s] -- Build files have been written to: /home/jiehuang/xiaoxbot/ros2/xiaox_ws/build/xiaox_hardware
[0.893s] Invoked command in '/home/jiehuang/xiaoxbot/ros2/xiaox_ws/build/xiaox_hardware' returned '0': CMAKE_PREFIX_PATH=/home/jiehuang/xiaoxbot/ros2/xiaox_ws/install/xiaox_interfaces:/home/jiehuang/xiaoxbot/ros2/xiaox_ws/install/xiaoxbot_moveit_config:/home/jiehuang/xiaoxbot/ros2/xiaox_ws/install/xiaox_bringup:/home/jiehuang/xiaoxbot/ros2/xiaox_ws/install/xiaox_hardware:/home/jiehuang/xiaoxbot/ros2/xiaox_ws/install/xiaox_controllers:/home/jiehuang/xiaoxbot/ros2/xiaox_ws/install/xiaoxbot_description:/home/jiehuang/xiaoxbot/ros2/xiaox_ws/install/xiaox_driver:/opt/ros/humble LD_LIBRARY_PATH=/home/jiehuang/xiaoxbot/ros2/xiaox_ws/install/xiaox_interfaces/lib:/home/jiehuang/xiaoxbot/ros2/xiaox_ws/install/xiaox_hardware/lib:/usr/lib/x86_64-linux-gnu/gazebo-11/plugins:/opt/ros/humble/opt/rviz_ogre_vendor/lib:/opt/ros/humble/lib/x86_64-linux-gnu:/opt/ros/humble/lib:/usr/local/cuda-12.5/lib64:/home/jiehuang/.mujoco/mujoco-3.4.0/bin /opt/st/stm32cubeclt_1.17.0/CMake/bin/cmake /home/jiehuang/xiaoxbot/ros2/xiaox_ws/src/xiaox_hardware -DCMAKE_INSTALL_PREFIX=/home/jiehuang/xiaoxbot/ros2/xiaox_ws/install/xiaox_hardware
[0.895s] Invoking command in '/home/jiehuang/xiaoxbot/ros2/xiaox_ws/build/xiaox_hardware': CMAKE_PREFIX_PATH=/home/jiehuang/xiaoxbot/ros2/xiaox_ws/install/xiaox_interfaces:/home/jiehuang/xiaoxbot/ros2/xiaox_ws/install/xiaoxbot_moveit_config:/home/jiehuang/xiaoxbot/ros2/xiaox_ws/install/xiaox_bringup:/home/jiehuang/xiaoxbot/ros2/xiaox_ws/install/xiaox_hardware:/home/jiehuang/xiaoxbot/ros2/xiaox_ws/install/xiaox_controllers:/home/jiehuang/xiaoxbot/ros2/xiaox_ws/install/xiaoxbot_description:/home/jiehuang/xiaoxbot/ros2/xiaox_ws/install/xiaox_driver:/opt/ros/humble LD_LIBRARY_PATH=/home/jiehuang/xiaoxbot/ros2/xiaox_ws/install/xiaox_interfaces/lib:/home/jiehuang/xiaoxbot/ros2/xiaox_ws/install/xiaox_hardware/lib:/usr/lib/x86_64-linux-gnu/gazebo-11/plugins:/opt/ros/humble/opt/rviz_ogre_vendor/lib:/opt/ros/humble/lib/x86_64-linux-gnu:/opt/ros/humble/lib:/usr/local/cuda-12.5/lib64:/home/jiehuang/.mujoco/mujoco-3.4.0/bin /opt/st/stm32cubeclt_1.17.0/CMake/bin/cmake --build /home/jiehuang/xiaoxbot/ros2/xiaox_ws/build/xiaox_hardware -- -j20 -l20
[0.908s] [ 50%] [32mBuilding CXX object CMakeFiles/xiaox_hardware.dir/src/xiaox_hardware.cpp.o[0m
[3.334s] [100%] [32m[1mLinking CXX shared library libxiaox_hardware.so[0m
[3.462s] [100%] Built target xiaox_hardware
[3.465s] Invoked command in '/home/jiehuang/xiaoxbot/ros2/xiaox_ws/build/xiaox_hardware' returned '0': CMAKE_PREFIX_PATH=/home/jiehuang/xiaoxbot/ros2/xiaox_ws/install/xiaox_interfaces:/home/jiehuang/xiaoxbot/ros2/xiaox_ws/install/xiaoxbot_moveit_config:/home/jiehuang/xiaoxbot/ros2/xiaox_ws/install/xiaox_bringup:/home/jiehuang/xiaoxbot/ros2/xiaox_ws/install/xiaox_hardware:/home/jiehuang/xiaoxbot/ros2/xiaox_ws/install/xiaox_controllers:/home/jiehuang/xiaoxbot/ros2/xiaox_ws/install/xiaoxbot_description:/home/jiehuang/xiaoxbot/ros2/xiaox_ws/install/xiaox_driver:/opt/ros/humble LD_LIBRARY_PATH=/home/jiehuang/xiaoxbot/ros2/xiaox_ws/install/xiaox_interfaces/lib:/home/jiehuang/xiaoxbot/ros2/xiaox_ws/install/xiaox_hardware/lib:/usr/lib/x86_64-linux-gnu/gazebo-11/plugins:/opt/ros/humble/opt/rviz_ogre_vendor/lib:/opt/ros/humble/lib/x86_64-linux-gnu:/opt/ros/humble/lib:/usr/local/cuda-12.5/lib64:/home/jiehuang/.mujoco/mujoco-3.4.0/bin /opt/st/stm32cubeclt_1.17.0/CMake/bin/cmake --build /home/jiehuang/xiaoxbot/ros2/xiaox_ws/build/xiaox_hardware -- -j20 -l20
[3.466s] Invoking command in '/home/jiehuang/xiaoxbot/ros2/xiaox_ws/build/xiaox_hardware': CMAKE_PREFIX_PATH=/home/jiehuang/xiaoxbot/ros2/xiaox_ws/install/xiaox_interfaces:/home/jiehuang/xiaoxbot/ros2/xiaox_ws/install/xiaoxbot_moveit_config:/home/jiehuang/xiaoxbot/ros2/xiaox_ws/install/xiaox_bringup:/home/jiehuang/xiaoxbot/ros2/xiaox_ws/install/xiaox_hardware:/home/jiehuang/xiaoxbot/ros2/xiaox_ws/install/xiaox_controllers:/home/jiehuang/xiaoxbot/ros2/xiaox_ws/install/xiaoxbot_description:/home/jiehuang/xiaoxbot/ros2/xiaox_ws/install/xiaox_driver:/opt/ros/humble LD_LIBRARY_PATH=/home/jiehuang/xiaoxbot/ros2/xiaox_ws/install/xiaox_interfaces/lib:/home/jiehuang/xiaoxbot/ros2/xiaox_ws/install/xiaox_hardware/lib:/usr/lib/x86_64-linux-gnu/gazebo-11/plugins:/opt/ros/humble/opt/rviz_ogre_vendor/lib:/opt/ros/humble/lib/x86_64-linux-gnu:/opt/ros/humble/lib:/usr/local/cuda-12.5/lib64:/home/jiehuang/.mujoco/mujoco-3.4.0/bin /opt/st/stm32cubeclt_1.17.0/CMake/bin/cmake --install /home/jiehuang/xiaoxbot/ros2/xiaox_ws/build/xiaox_hardware
[3.467s] -- Install configuration: ""
[3.467s] -- Installing: /home/jiehuang/xiaoxbot/ros2/xiaox_ws/install/xiaox_hardware/share/xiaox_hardware/xiaox_hardware.xml
[3.467s] -- Installing: /home/jiehuang/xiaoxbot/ros2/xiaox_ws/install/xiaox_hardware/lib/libxiaox_hardware.so
[3.468s] -- Set non-toolchain portion of runtime path of "/home/jiehuang/xiaoxbot/ros2/xiaox_ws/install/xiaox_hardware/lib/libxiaox_hardware.so" to ""
[3.468s] -- Installing: /home/jiehuang/xiaoxbot/ros2/xiaox_ws/install/xiaox_hardware/include
[3.468s] -- Installing: /home/jiehuang/xiaoxbot/ros2/xiaox_ws/install/xiaox_hardware/include/xiaox_hardware
[3.469s] -- Installing: /home/jiehuang/xiaoxbot/ros2/xiaox_ws/install/xiaox_hardware/include/xiaox_hardware/xiaox_hardware.hpp
[3.469s] -- Up-to-date: /home/jiehuang/xiaoxbot/ros2/xiaox_ws/install/xiaox_hardware/share/xiaox_hardware/xiaox_hardware.xml
[3.469s] -- Installing: /home/jiehuang/xiaoxbot/ros2/xiaox_ws/install/xiaox_hardware/share/xiaox_hardware/environment/library_path.sh
[3.469s] -- Installing: /home/jiehuang/xiaoxbot/ros2/xiaox_ws/install/xiaox_hardware/share/xiaox_hardware/environment/library_path.dsv
[3.469s] -- Installing: /home/jiehuang/xiaoxbot/ros2/xiaox_ws/install/xiaox_hardware/share/ament_index/resource_index/package_run_dependencies/xiaox_hardware
[3.469s] -- Installing: /home/jiehuang/xiaoxbot/ros2/xiaox_ws/install/xiaox_hardware/share/ament_index/resource_index/parent_prefix_path/xiaox_hardware
[3.469s] -- Installing: /home/jiehuang/xiaoxbot/ros2/xiaox_ws/install/xiaox_hardware/share/xiaox_hardware/environment/ament_prefix_path.sh
[3.469s] -- Installing: /home/jiehuang/xiaoxbot/ros2/xiaox_ws/install/xiaox_hardware/share/xiaox_hardware/environment/ament_prefix_path.dsv
[3.469s] -- Installing: /home/jiehuang/xiaoxbot/ros2/xiaox_ws/install/xiaox_hardware/share/xiaox_hardware/environment/path.sh
[3.469s] -- Installing: /home/jiehuang/xiaoxbot/ros2/xiaox_ws/install/xiaox_hardware/share/xiaox_hardware/environment/path.dsv
[3.469s] -- Installing: /home/jiehuang/xiaoxbot/ros2/xiaox_ws/install/xiaox_hardware/share/xiaox_hardware/local_setup.bash
[3.469s] -- Installing: /home/jiehuang/xiaoxbot/ros2/xiaox_ws/install/xiaox_hardware/share/xiaox_hardware/local_setup.sh
[3.469s] -- Installing: /home/jiehuang/xiaoxbot/ros2/xiaox_ws/install/xiaox_hardware/share/xiaox_hardware/local_setup.zsh
[3.469s] -- Installing: /home/jiehuang/xiaoxbot/ros2/xiaox_ws/install/xiaox_hardware/share/xiaox_hardware/local_setup.dsv
[3.469s] -- Installing: /home/jiehuang/xiaoxbot/ros2/xiaox_ws/install/xiaox_hardware/share/xiaox_hardware/package.dsv
[3.469s] -- Installing: /home/jiehuang/xiaoxbot/ros2/xiaox_ws/install/xiaox_hardware/share/ament_index/resource_index/packages/xiaox_hardware
[3.469s] -- Installing: /home/jiehuang/xiaoxbot/ros2/xiaox_ws/install/xiaox_hardware/share/ament_index/resource_index/hardware_interface__pluginlib__plugin/xiaox_hardware
[3.469s] -- Installing: /home/jiehuang/xiaoxbot/ros2/xiaox_ws/install/xiaox_hardware/share/xiaox_hardware/cmake/ament_cmake_export_include_directories-extras.cmake
[3.469s] -- Installing: /home/jiehuang/xiaoxbot/ros2/xiaox_ws/install/xiaox_hardware/share/xiaox_hardware/cmake/ament_cmake_export_libraries-extras.cmake
[3.469s] -- Installing: /home/jiehuang/xiaoxbot/ros2/xiaox_ws/install/xiaox_hardware/share/xiaox_hardware/cmake/ament_cmake_export_dependencies-extras.cmake
[3.469s] -- Installing: /home/jiehuang/xiaoxbot/ros2/xiaox_ws/install/xiaox_hardware/share/xiaox_hardware/cmake/xiaox_hardwareConfig.cmake
[3.469s] -- Installing: /home/jiehuang/xiaoxbot/ros2/xiaox_ws/install/xiaox_hardware/share/xiaox_hardware/cmake/xiaox_hardwareConfig-version.cmake
[3.469s] -- Installing: /home/jiehuang/xiaoxbot/ros2/xiaox_ws/install/xiaox_hardware/share/xiaox_hardware/package.xml
[3.470s] Invoked command in '/home/jiehuang/xiaoxbot/ros2/xiaox_ws/build/xiaox_hardware' returned '0': CMAKE_PREFIX_PATH=/home/jiehuang/xiaoxbot/ros2/xiaox_ws/install/xiaox_interfaces:/home/jiehuang/xiaoxbot/ros2/xiaox_ws/install/xiaoxbot_moveit_config:/home/jiehuang/xiaoxbot/ros2/xiaox_ws/install/xiaox_bringup:/home/jiehuang/xiaoxbot/ros2/xiaox_ws/install/xiaox_hardware:/home/jiehuang/xiaoxbot/ros2/xiaox_ws/install/xiaox_controllers:/home/jiehuang/xiaoxbot/ros2/xiaox_ws/install/xiaoxbot_description:/home/jiehuang/xiaoxbot/ros2/xiaox_ws/install/xiaox_driver:/opt/ros/humble LD_LIBRARY_PATH=/home/jiehuang/xiaoxbot/ros2/xiaox_ws/install/xiaox_interfaces/lib:/home/jiehuang/xiaoxbot/ros2/xiaox_ws/install/xiaox_hardware/lib:/usr/lib/x86_64-linux-gnu/gazebo-11/plugins:/opt/ros/humble/opt/rviz_ogre_vendor/lib:/opt/ros/humble/lib/x86_64-linux-gnu:/opt/ros/humble/lib:/usr/local/cuda-12.5/lib64:/home/jiehuang/.mujoco/mujoco-3.4.0/bin /opt/st/stm32cubeclt_1.17.0/CMake/bin/cmake --install /home/jiehuang/xiaoxbot/ros2/xiaox_ws/build/xiaox_hardware
