[0.290s] Invoking command in '/home/jiehuang/xiaoxbot/ros2/xiaox_ws/src/xiaox_driver': CMAKE_PREFIX_PATH=/home/jiehuang/xiaoxbot/ros2/xiaox_ws/install/xiaox_interfaces:/home/jiehuang/xiaoxbot/ros2/xiaox_ws/install/xiaoxbot_moveit_config:/home/jiehuang/xiaoxbot/ros2/xiaox_ws/install/xiaox_bringup:/home/jiehuang/xiaoxbot/ros2/xiaox_ws/install/xiaox_hardware:/home/jiehuang/xiaoxbot/ros2/xiaox_ws/install/xiaox_controllers LD_LIBRARY_PATH=/home/jiehuang/xiaoxbot/ros2/xiaox_ws/install/xiaox_interfaces/lib:/home/jiehuang/xiaoxbot/ros2/xiaox_ws/install/xiaox_hardware/lib:/usr/lib/x86_64-linux-gnu/gazebo-11/plugins:/opt/ros/humble/opt/rviz_ogre_vendor/lib:/opt/ros/humble/lib/x86_64-linux-gnu:/opt/ros/humble/lib:/usr/local/cuda-12.5/lib64:/home/jiehuang/.mujoco/mujoco-3.4.0/bin PYTHONPATH=/home/jiehuang/xiaoxbot/ros2/xiaox_ws/build/xiaox_driver/prefix_override:/usr/lib/python3/dist-packages/colcon_core/task/python/colcon_distutils_commands:/home/jiehuang/xiaoxbot/ros2/xiaox_ws/install/xiaox_driver/lib/python3.10/site-packages:${PYTHONPATH} /usr/bin/python3 -W ignore:setup.py install is deprecated -W ignore:easy_install command is deprecated setup.py egg_info --egg-base ../../build/xiaox_driver build --build-base /home/jiehuang/xiaoxbot/ros2/xiaox_ws/build/xiaox_driver/build install --record /home/jiehuang/xiaoxbot/ros2/xiaox_ws/build/xiaox_driver/install.log --single-version-externally-managed install_data
[0.396s] running egg_info
[0.397s] creating ../../build/xiaox_driver/xiaox_driver.egg-info
[0.397s] writing ../../build/xiaox_driver/xiaox_driver.egg-info/PKG-INFO
[0.397s] writing dependency_links to ../../build/xiaox_driver/xiaox_driver.egg-info/dependency_links.txt
[0.397s] writing entry points to ../../build/xiaox_driver/xiaox_driver.egg-info/entry_points.txt
[0.397s] writing requirements to ../../build/xiaox_driver/xiaox_driver.egg-info/requires.txt
[0.397s] writing top-level names to ../../build/xiaox_driver/xiaox_driver.egg-info/top_level.txt
[0.397s] writing manifest file '../../build/xiaox_driver/xiaox_driver.egg-info/SOURCES.txt'
[0.398s] reading manifest file '../../build/xiaox_driver/xiaox_driver.egg-info/SOURCES.txt'
[0.398s] writing manifest file '../../build/xiaox_driver/xiaox_driver.egg-info/SOURCES.txt'
[0.398s] running build
[0.398s] running build_py
[0.398s] creating /home/jiehuang/xiaoxbot/ros2/xiaox_ws/build/xiaox_driver/build
[0.398s] creating /home/jiehuang/xiaoxbot/ros2/xiaox_ws/build/xiaox_driver/build/lib
[0.398s] creating /home/jiehuang/xiaoxbot/ros2/xiaox_ws/build/xiaox_driver/build/lib/xiaox_driver
[0.398s] copying xiaox_driver/driver_node.py -> /home/jiehuang/xiaoxbot/ros2/xiaox_ws/build/xiaox_driver/build/lib/xiaox_driver
[0.398s] copying xiaox_driver/__init__.py -> /home/jiehuang/xiaoxbot/ros2/xiaox_ws/build/xiaox_driver/build/lib/xiaox_driver
[0.398s] running install
[0.398s] running install_lib
[0.399s] creating /home/jiehuang/xiaoxbot/ros2/xiaox_ws/install/xiaox_driver/lib/python3.10/site-packages/xiaox_driver
[0.399s] copying /home/jiehuang/xiaoxbot/ros2/xiaox_ws/build/xiaox_driver/build/lib/xiaox_driver/driver_node.py -> /home/jiehuang/xiaoxbot/ros2/xiaox_ws/install/xiaox_driver/lib/python3.10/site-packages/xiaox_driver
[0.399s] copying /home/jiehuang/xiaoxbot/ros2/xiaox_ws/build/xiaox_driver/build/lib/xiaox_driver/__init__.py -> /home/jiehuang/xiaoxbot/ros2/xiaox_ws/install/xiaox_driver/lib/python3.10/site-packages/xiaox_driver
[0.399s] byte-compiling /home/jiehuang/xiaoxbot/ros2/xiaox_ws/install/xiaox_driver/lib/python3.10/site-packages/xiaox_driver/driver_node.py to driver_node.cpython-310.pyc
[0.400s] byte-compiling /home/jiehuang/xiaoxbot/ros2/xiaox_ws/install/xiaox_driver/lib/python3.10/site-packages/xiaox_driver/__init__.py to __init__.cpython-310.pyc
[0.400s] running install_data
[0.400s] creating /home/jiehuang/xiaoxbot/ros2/xiaox_ws/install/xiaox_driver/share/ament_index
[0.401s] creating /home/jiehuang/xiaoxbot/ros2/xiaox_ws/install/xiaox_driver/share/ament_index/resource_index
[0.401s] creating /home/jiehuang/xiaoxbot/ros2/xiaox_ws/install/xiaox_driver/share/ament_index/resource_index/packages
[0.401s] copying resource/xiaox_driver -> /home/jiehuang/xiaoxbot/ros2/xiaox_ws/install/xiaox_driver/share/ament_index/resource_index/packages
[0.401s] copying package.xml -> /home/jiehuang/xiaoxbot/ros2/xiaox_ws/install/xiaox_driver/share/xiaox_driver
[0.401s] creating /home/jiehuang/xiaoxbot/ros2/xiaox_ws/install/xiaox_driver/share/xiaox_driver/launch
[0.401s] copying launch/driver.launch.py -> /home/jiehuang/xiaoxbot/ros2/xiaox_ws/install/xiaox_driver/share/xiaox_driver/launch
[0.401s] creating /home/jiehuang/xiaoxbot/ros2/xiaox_ws/install/xiaox_driver/share/xiaox_driver/config
[0.401s] copying config/serial_port.yaml -> /home/jiehuang/xiaoxbot/ros2/xiaox_ws/install/xiaox_driver/share/xiaox_driver/config
[0.401s] running install_egg_info
[0.401s] Copying ../../build/xiaox_driver/xiaox_driver.egg-info to /home/jiehuang/xiaoxbot/ros2/xiaox_ws/install/xiaox_driver/lib/python3.10/site-packages/xiaox_driver-0.1.0-py3.10.egg-info
[0.402s] running install_scripts
[0.411s] Installing driver_node script to /home/jiehuang/xiaoxbot/ros2/xiaox_ws/install/xiaox_driver/lib/xiaox_driver
[0.411s] writing list of installed files to '/home/jiehuang/xiaoxbot/ros2/xiaox_ws/build/xiaox_driver/install.log'
[0.421s] Invoked command in '/home/jiehuang/xiaoxbot/ros2/xiaox_ws/src/xiaox_driver' returned '0': CMAKE_PREFIX_PATH=/home/jiehuang/xiaoxbot/ros2/xiaox_ws/install/xiaox_interfaces:/home/jiehuang/xiaoxbot/ros2/xiaox_ws/install/xiaoxbot_moveit_config:/home/jiehuang/xiaoxbot/ros2/xiaox_ws/install/xiaox_bringup:/home/jiehuang/xiaoxbot/ros2/xiaox_ws/install/xiaox_hardware:/home/jiehuang/xiaoxbot/ros2/xiaox_ws/install/xiaox_controllers LD_LIBRARY_PATH=/home/jiehuang/xiaoxbot/ros2/xiaox_ws/install/xiaox_interfaces/lib:/home/jiehuang/xiaoxbot/ros2/xiaox_ws/install/xiaox_hardware/lib:/usr/lib/x86_64-linux-gnu/gazebo-11/plugins:/opt/ros/humble/opt/rviz_ogre_vendor/lib:/opt/ros/humble/lib/x86_64-linux-gnu:/opt/ros/humble/lib:/usr/local/cuda-12.5/lib64:/home/jiehuang/.mujoco/mujoco-3.4.0/bin PYTHONPATH=/home/jiehuang/xiaoxbot/ros2/xiaox_ws/build/xiaox_driver/prefix_override:/usr/lib/python3/dist-packages/colcon_core/task/python/colcon_distutils_commands:/home/jiehuang/xiaoxbot/ros2/xiaox_ws/install/xiaox_driver/lib/python3.10/site-packages:${PYTHONPATH} /usr/bin/python3 -W ignore:setup.py install is deprecated -W ignore:easy_install command is deprecated setup.py egg_info --egg-base ../../build/xiaox_driver build --build-base /home/jiehuang/xiaoxbot/ros2/xiaox_ws/build/xiaox_driver/build install --record /home/jiehuang/xiaoxbot/ros2/xiaox_ws/build/xiaox_driver/install.log --single-version-externally-managed install_data
