[0.122s] Invoking command in '/home/jiehuang/xiaoxbot/ros2/xiaox_ws/build/xiaox_hardware': CMAKE_PREFIX_PATH=/home/jiehuang/xiaoxbot/ros2/xiaox_ws/install/xiaox_interfaces:/home/jiehuang/xiaoxbot/ros2/xiaox_ws/install/xiaoxbot_moveit_config:/home/jiehuang/xiaoxbot/ros2/xiaox_ws/install/xiaox_bringup:/home/jiehuang/xiaoxbot/ros2/xiaox_ws/install/xiaox_hardware:/home/jiehuang/xiaoxbot/ros2/xiaox_ws/install/xiaox_controllers:/home/jiehuang/xiaoxbot/ros2/xiaox_ws/install/xiaoxbot_description:/home/jiehuang/xiaoxbot/ros2/xiaox_ws/install/xiaox_driver:/opt/ros/humble LD_LIBRARY_PATH=/home/jiehuang/xiaoxbot/ros2/xiaox_ws/install/xiaox_interfaces/lib:/home/jiehuang/xiaoxbot/ros2/xiaox_ws/install/xiaox_hardware/lib:/usr/lib/x86_64-linux-gnu/gazebo-11/plugins:/opt/ros/humble/opt/rviz_ogre_vendor/lib:/opt/ros/humble/lib/x86_64-linux-gnu:/opt/ros/humble/lib:/usr/local/cuda-12.5/lib64:/home/jiehuang/.mujoco/mujoco-3.4.0/bin /opt/st/stm32cubeclt_1.17.0/CMake/bin/cmake --build /home/jiehuang/xiaoxbot/ros2/xiaox_ws/build/xiaox_hardware -- -j20 -l20
[0.140s] [100%] Built target xiaox_hardware
[0.142s] Invoked command in '/home/jiehuang/xiaoxbot/ros2/xiaox_ws/build/xiaox_hardware' returned '0': CMAKE_PREFIX_PATH=/home/jiehuang/xiaoxbot/ros2/xiaox_ws/install/xiaox_interfaces:/home/jiehuang/xiaoxbot/ros2/xiaox_ws/install/xiaoxbot_moveit_config:/home/jiehuang/xiaoxbot/ros2/xiaox_ws/install/xiaox_bringup:/home/jiehuang/xiaoxbot/ros2/xiaox_ws/install/xiaox_hardware:/home/jiehuang/xiaoxbot/ros2/xiaox_ws/install/xiaox_controllers:/home/jiehuang/xiaoxbot/ros2/xiaox_ws/install/xiaoxbot_description:/home/jiehuang/xiaoxbot/ros2/xiaox_ws/install/xiaox_driver:/opt/ros/humble LD_LIBRARY_PATH=/home/jiehuang/xiaoxbot/ros2/xiaox_ws/install/xiaox_interfaces/lib:/home/jiehuang/xiaoxbot/ros2/xiaox_ws/install/xiaox_hardware/lib:/usr/lib/x86_64-linux-gnu/gazebo-11/plugins:/opt/ros/humble/opt/rviz_ogre_vendor/lib:/opt/ros/humble/lib/x86_64-linux-gnu:/opt/ros/humble/lib:/usr/local/cuda-12.5/lib64:/home/jiehuang/.mujoco/mujoco-3.4.0/bin /opt/st/stm32cubeclt_1.17.0/CMake/bin/cmake --build /home/jiehuang/xiaoxbot/ros2/xiaox_ws/build/xiaox_hardware -- -j20 -l20
[0.144s] Invoking command in '/home/jiehuang/xiaoxbot/ros2/xiaox_ws/build/xiaox_hardware': CMAKE_PREFIX_PATH=/home/jiehuang/xiaoxbot/ros2/xiaox_ws/install/xiaox_interfaces:/home/jiehuang/xiaoxbot/ros2/xiaox_ws/install/xiaoxbot_moveit_config:/home/jiehuang/xiaoxbot/ros2/xiaox_ws/install/xiaox_bringup:/home/jiehuang/xiaoxbot/ros2/xiaox_ws/install/xiaox_hardware:/home/jiehuang/xiaoxbot/ros2/xiaox_ws/install/xiaox_controllers:/home/jiehuang/xiaoxbot/ros2/xiaox_ws/install/xiaoxbot_description:/home/jiehuang/xiaoxbot/ros2/xiaox_ws/install/xiaox_driver:/opt/ros/humble LD_LIBRARY_PATH=/home/jiehuang/xiaoxbot/ros2/xiaox_ws/install/xiaox_interfaces/lib:/home/jiehuang/xiaoxbot/ros2/xiaox_ws/install/xiaox_hardware/lib:/usr/lib/x86_64-linux-gnu/gazebo-11/plugins:/opt/ros/humble/opt/rviz_ogre_vendor/lib:/opt/ros/humble/lib/x86_64-linux-gnu:/opt/ros/humble/lib:/usr/local/cuda-12.5/lib64:/home/jiehuang/.mujoco/mujoco-3.4.0/bin /opt/st/stm32cubeclt_1.17.0/CMake/bin/cmake --install /home/jiehuang/xiaoxbot/ros2/xiaox_ws/build/xiaox_hardware
[0.145s] -- Install configuration: ""
[0.145s] -- Up-to-date: /home/jiehuang/xiaoxbot/ros2/xiaox_ws/install/xiaox_hardware/share/xiaox_hardware/xiaox_hardware.xml
[0.145s] -- Up-to-date: /home/jiehuang/xiaoxbot/ros2/xiaox_ws/install/xiaox_hardware/lib/libxiaox_hardware.so
[0.145s] -- Up-to-date: /home/jiehuang/xiaoxbot/ros2/xiaox_ws/install/xiaox_hardware/include
[0.145s] -- Up-to-date: /home/jiehuang/xiaoxbot/ros2/xiaox_ws/install/xiaox_hardware/include/xiaox_hardware
[0.145s] -- Up-to-date: /home/jiehuang/xiaoxbot/ros2/xiaox_ws/install/xiaox_hardware/include/xiaox_hardware/xiaox_hardware.hpp
[0.145s] -- Up-to-date: /home/jiehuang/xiaoxbot/ros2/xiaox_ws/install/xiaox_hardware/share/xiaox_hardware/xiaox_hardware.xml
[0.145s] -- Up-to-date: /home/jiehuang/xiaoxbot/ros2/xiaox_ws/install/xiaox_hardware/share/xiaox_hardware/environment/library_path.sh
[0.145s] -- Up-to-date: /home/jiehuang/xiaoxbot/ros2/xiaox_ws/install/xiaox_hardware/share/xiaox_hardware/environment/library_path.dsv
[0.145s] -- Up-to-date: /home/jiehuang/xiaoxbot/ros2/xiaox_ws/install/xiaox_hardware/share/ament_index/resource_index/package_run_dependencies/xiaox_hardware
[0.146s] -- Up-to-date: /home/jiehuang/xiaoxbot/ros2/xiaox_ws/install/xiaox_hardware/share/ament_index/resource_index/parent_prefix_path/xiaox_hardware
[0.146s] -- Up-to-date: /home/jiehuang/xiaoxbot/ros2/xiaox_ws/install/xiaox_hardware/share/xiaox_hardware/environment/ament_prefix_path.sh
[0.146s] -- Up-to-date: /home/jiehuang/xiaoxbot/ros2/xiaox_ws/install/xiaox_hardware/share/xiaox_hardware/environment/ament_prefix_path.dsv
[0.146s] -- Up-to-date: /home/jiehuang/xiaoxbot/ros2/xiaox_ws/install/xiaox_hardware/share/xiaox_hardware/environment/path.sh
[0.146s] -- Up-to-date: /home/jiehuang/xiaoxbot/ros2/xiaox_ws/install/xiaox_hardware/share/xiaox_hardware/environment/path.dsv
[0.146s] -- Up-to-date: /home/jiehuang/xiaoxbot/ros2/xiaox_ws/install/xiaox_hardware/share/xiaox_hardware/local_setup.bash
[0.146s] -- Up-to-date: /home/jiehuang/xiaoxbot/ros2/xiaox_ws/install/xiaox_hardware/share/xiaox_hardware/local_setup.sh
[0.146s] -- Up-to-date: /home/jiehuang/xiaoxbot/ros2/xiaox_ws/install/xiaox_hardware/share/xiaox_hardware/local_setup.zsh
[0.146s] -- Up-to-date: /home/jiehuang/xiaoxbot/ros2/xiaox_ws/install/xiaox_hardware/share/xiaox_hardware/local_setup.dsv
[0.146s] -- Installing: /home/jiehuang/xiaoxbot/ros2/xiaox_ws/install/xiaox_hardware/share/xiaox_hardware/package.dsv
[0.146s] -- Up-to-date: /home/jiehuang/xiaoxbot/ros2/xiaox_ws/install/xiaox_hardware/share/ament_index/resource_index/packages/xiaox_hardware
[0.146s] -- Up-to-date: /home/jiehuang/xiaoxbot/ros2/xiaox_ws/install/xiaox_hardware/share/ament_index/resource_index/hardware_interface__pluginlib__plugin/xiaox_hardware
[0.146s] -- Up-to-date: /home/jiehuang/xiaoxbot/ros2/xiaox_ws/install/xiaox_hardware/share/xiaox_hardware/cmake/ament_cmake_export_include_directories-extras.cmake
[0.146s] -- Up-to-date: /home/jiehuang/xiaoxbot/ros2/xiaox_ws/install/xiaox_hardware/share/xiaox_hardware/cmake/ament_cmake_export_libraries-extras.cmake
[0.146s] -- Up-to-date: /home/jiehuang/xiaoxbot/ros2/xiaox_ws/install/xiaox_hardware/share/xiaox_hardware/cmake/ament_cmake_export_dependencies-extras.cmake
[0.146s] -- Up-to-date: /home/jiehuang/xiaoxbot/ros2/xiaox_ws/install/xiaox_hardware/share/xiaox_hardware/cmake/xiaox_hardwareConfig.cmake
[0.146s] -- Up-to-date: /home/jiehuang/xiaoxbot/ros2/xiaox_ws/install/xiaox_hardware/share/xiaox_hardware/cmake/xiaox_hardwareConfig-version.cmake
[0.146s] -- Up-to-date: /home/jiehuang/xiaoxbot/ros2/xiaox_ws/install/xiaox_hardware/share/xiaox_hardware/package.xml
[0.147s] Invoked command in '/home/jiehuang/xiaoxbot/ros2/xiaox_ws/build/xiaox_hardware' returned '0': CMAKE_PREFIX_PATH=/home/jiehuang/xiaoxbot/ros2/xiaox_ws/install/xiaox_interfaces:/home/jiehuang/xiaoxbot/ros2/xiaox_ws/install/xiaoxbot_moveit_config:/home/jiehuang/xiaoxbot/ros2/xiaox_ws/install/xiaox_bringup:/home/jiehuang/xiaoxbot/ros2/xiaox_ws/install/xiaox_hardware:/home/jiehuang/xiaoxbot/ros2/xiaox_ws/install/xiaox_controllers:/home/jiehuang/xiaoxbot/ros2/xiaox_ws/install/xiaoxbot_description:/home/jiehuang/xiaoxbot/ros2/xiaox_ws/install/xiaox_driver:/opt/ros/humble LD_LIBRARY_PATH=/home/jiehuang/xiaoxbot/ros2/xiaox_ws/install/xiaox_interfaces/lib:/home/jiehuang/xiaoxbot/ros2/xiaox_ws/install/xiaox_hardware/lib:/usr/lib/x86_64-linux-gnu/gazebo-11/plugins:/opt/ros/humble/opt/rviz_ogre_vendor/lib:/opt/ros/humble/lib/x86_64-linux-gnu:/opt/ros/humble/lib:/usr/local/cuda-12.5/lib64:/home/jiehuang/.mujoco/mujoco-3.4.0/bin /opt/st/stm32cubeclt_1.17.0/CMake/bin/cmake --install /home/jiehuang/xiaoxbot/ros2/xiaox_ws/build/xiaox_hardware
